[seen] 464 episodes already in /home/jason/Documents/warorbit/replay_dataset/compact/episodes.jsonl.gz
[lb] skipped (Leaderboard 400: )
[seed] 51 seed submissions
[sub 52128366] 39 episodes (queue=50)
[ep 75637430] 2p  total 2p=1 4p=0  size=5.2MB
[sub 51799813] 294 episodes (queue=104)
[ep 75639382] 4p  total 2p=1 4p=1  size=5.2MB
[sub 52066322] 80 episodes (queue=691)
[ep 75640394] 4p  total 2p=1 4p=2  size=5.2MB
[sub 52165810] 28 episodes (queue=822)
[ep 75640354] 4p  total 2p=1 4p=3  size=5.2MB
[ep 75640185] 2p  total 2p=2 4p=3  size=5.2MB
[ep 75638522] 2p  total 2p=3 4p=3  size=5.2MB
[ep 75638413] 2p  total 2p=4 4p=3  size=5.2MB
[ep 75637683] 2p  total 2p=5 4p=3  size=5.3MB
[ep 75637272] 2p  total 2p=6 4p=3  size=5.3MB
[sub 52128798] 27 episodes (queue=867)
[ep 75588809] 4p  total 2p=6 4p=4  size=5.3MB
[ep 75588697] 4p  total 2p=6 4p=5  size=5.3MB
[ep 75588609] 4p  total 2p=6 4p=6  size=5.3MB
[ep 75588516] 4p  total 2p=6 4p=7  size=5.4MB
[ep 75588357] 2p  total 2p=7 4p=7  size=5.4MB
[ep 75588317] 2p  total 2p=8 4p=7  size=5.4MB
[sub 52161685] 18 episodes (queue=914)
[sub 51861912] 242 episodes (queue=937)
[ep 75638233] 4p  total 2p=8 4p=8  size=5.4MB
[ep 75636958] 4p  total 2p=8 4p=9  size=5.4MB
[ep 75631119] 4p  total 2p=8 4p=10  size=5.4MB
[ep 75630846] 4p  total 2p=8 4p=11  size=5.4MB
[ep 75630355] 4p  total 2p=8 4p=12  size=5.5MB
[ep 75628486] 4p  total 2p=8 4p=13  size=5.5MB
[ep 75625888] 4p  total 2p=8 4p=14  size=5.5MB
[ep 75625574] 4p  total 2p=8 4p=15  size=5.5MB
[ep 75621006] 4p  total 2p=8 4p=16  size=5.5MB
[ep 75619342] 4p  total 2p=8 4p=17  size=5.5MB
[ep 75611506] 4p  total 2p=8 4p=18  size=5.5MB
[ep 75610043] 4p  total 2p=8 4p=19  size=5.6MB
[ep 75603040] 4p  total 2p=8 4p=20  size=5.6MB
[ep 75601409] 4p  total 2p=8 4p=21  size=5.6MB
[ep 75592119] 2p  total 2p=9 4p=21  size=5.6MB
[ep 75591923] 4p  total 2p=9 4p=22  size=5.6MB
[ep 75590932] 4p  total 2p=9 4p=23  size=5.6MB
[ep 75589476] 4p  total 2p=9 4p=24  size=5.6MB
[ep 75589145] 4p  total 2p=9 4p=25  size=5.7MB
[ep 75589151] 4p  total 2p=9 4p=26  size=5.7MB
[ep 75588986] 4p  total 2p=9 4p=27  size=5.7MB
[ep 75587495] 2p  total 2p=10 4p=27  size=5.7MB
[ep 75583386] 2p  total 2p=11 4p=27  size=5.7MB
[ep 75580456] 4p  total 2p=11 4p=28  size=5.7MB
[ep 75578678] 2p  total 2p=12 4p=28  size=5.7MB
[ep 75576772] 2p  total 2p=13 4p=28  size=5.8MB
[ep 75576525] 2p  total 2p=14 4p=28  size=5.8MB
[ep 75574749] 4p  total 2p=14 4p=29  size=5.8MB
[ep 75571586] 2p  total 2p=15 4p=29  size=5.8MB
[ep 75569401] 2p  total 2p=16 4p=29  size=5.8MB
[ep 75563806] 4p  total 2p=16 4p=30  size=5.8MB
[ep 75560706] 2p  total 2p=17 4p=30  size=5.8MB
[ep 75556650] 2p  total 2p=18 4p=30  size=5.8MB
[ep 75550986] 4p  total 2p=18 4p=31  size=5.8MB
[ep 75547587] 4p  total 2p=18 4p=32  size=5.9MB
[ep 75542202] 2p  total 2p=19 4p=32  size=5.9MB
[ep 75538936] 4p  total 2p=19 4p=33  size=5.9MB
[ep 75538251] 2p  total 2p=20 4p=33  size=5.9MB
[ep 75537559] 4p  total 2p=20 4p=34  size=5.9MB
[ep 75537545] 4p  total 2p=20 4p=35  size=5.9MB
[ep 75537447] 2p  total 2p=21 4p=35  size=5.9MB
[ep 75534631] 4p  total 2p=21 4p=36  size=5.9MB
[ep 75532780] 4p  total 2p=21 4p=37  size=5.9MB
[ep 75530563] 2p  total 2p=22 4p=37  size=5.9MB
[ep 75530239] 4p  total 2p=22 4p=38  size=5.9MB
[ep 75525220] 2p  total 2p=23 4p=38  size=6.0MB
[ep 75524010] 2p  total 2p=24 4p=38  size=6.0MB
[ep 75523134] 4p  total 2p=24 4p=39  size=6.0MB
[ep 75519113] 2p  total 2p=25 4p=39  size=6.0MB
[ep 75510074] 2p  total 2p=26 4p=39  size=6.0MB
[ep 75504464] 4p  total 2p=26 4p=40  size=6.0MB
[ep 75503509] 4p  total 2p=26 4p=41  size=6.0MB
[ep 75502285] 4p  total 2p=26 4p=42  size=6.1MB
[ep 75498901] 2p  total 2p=27 4p=42  size=6.1MB
[ep 75498374] 4p  total 2p=27 4p=43  size=6.1MB
[ep 75492197] 4p  total 2p=27 4p=44  size=6.1MB
[ep 75491712] 4p  total 2p=27 4p=45  size=6.1MB
[ep 75483620] 4p  total 2p=27 4p=46  size=6.1MB
[ep 75482019] 4p  total 2p=27 4p=47  size=6.1MB
[ep 75481160] 2p  total 2p=28 4p=47  size=6.1MB
[ep 75479757] 4p  total 2p=28 4p=48  size=6.1MB
[ep 75475298] 2p  total 2p=29 4p=48  size=6.1MB
[ep 75474028] 4p  total 2p=29 4p=49  size=6.2MB
[ep 75471086] 4p  total 2p=29 4p=50  size=6.2MB
[ep 75470000] 4p  total 2p=29 4p=51  size=6.2MB
[ep 75469857] 4p  total 2p=29 4p=52  size=6.2MB
[ep 75464802] 2p  total 2p=30 4p=52  size=6.2MB
[ep 75463675] 2p  total 2p=31 4p=52  size=6.2MB
[ep 75462912] 2p  total 2p=32 4p=52  size=6.2MB
[ep 75462174] 2p  total 2p=33 4p=52  size=6.2MB
[ep 75458884] 4p  total 2p=33 4p=53  size=6.2MB
[ep 75458201] 4p  total 2p=33 4p=54  size=6.2MB
[ep 75456254] 2p  total 2p=34 4p=54  size=6.3MB
[ep 75455653] 2p  total 2p=35 4p=54  size=6.3MB
[ep 75453431] 4p  total 2p=35 4p=55  size=6.3MB
[ep 75449482] 4p  total 2p=35 4p=56  size=6.3MB
[ep 75444021] 2p  total 2p=36 4p=56  size=6.3MB
[ep 75440015] 4p  total 2p=36 4p=57  size=6.3MB
[ep 75439587] 4p  total 2p=36 4p=58  size=6.3MB
[ep 75435521] 2p  total 2p=37 4p=58  size=6.4MB
[ep 75435138] 4p  total 2p=37 4p=59  size=6.4MB
[ep 75433880] 4p  total 2p=37 4p=60  size=6.4MB
[ep 75433919] 4p  total 2p=37 4p=61  size=6.4MB
[ep 75433478] 4p  total 2p=37 4p=62  size=6.4MB
[ep 75428262] 4p  total 2p=37 4p=63  size=6.4MB
[ep 75426092] 4p  total 2p=37 4p=64  size=6.5MB
[ep 75425489] 4p  total 2p=37 4p=65  size=6.5MB
[ep 75411422] 4p  total 2p=37 4p=66  size=6.5MB
[ep 75410246] 4p  total 2p=37 4p=67  size=6.5MB
[ep 75410134] 4p  total 2p=37 4p=68  size=6.5MB
[ep 75409968] 4p  total 2p=37 4p=69  size=6.5MB
[ep 75409512] 2p  total 2p=38 4p=69  size=6.5MB
[ep 75405254] 4p  total 2p=38 4p=70  size=6.6MB
[ep 75404821] 4p  total 2p=38 4p=71  size=6.6MB
[ep 75396196] 4p  total 2p=38 4p=72  size=6.6MB
[ep 75393016] 2p  total 2p=39 4p=72  size=6.6MB
[ep 75390163] 4p  total 2p=39 4p=73  size=6.6MB
[ep 75388520] 2p  total 2p=40 4p=73  size=6.6MB
[ep 75386804] 2p  total 2p=41 4p=73  size=6.6MB
[ep 75384126] 4p  total 2p=41 4p=74  size=6.6MB
[ep 75383742] 2p  total 2p=42 4p=74  size=6.6MB
[ep 75383152] 4p  total 2p=42 4p=75  size=6.7MB
[ep 75378685] 4p  total 2p=42 4p=76  size=6.7MB
[ep 75376332] 4p  total 2p=42 4p=77  size=6.7MB
[ep 75370662] 2p  total 2p=43 4p=77  size=6.7MB
[ep 75369744] 4p  total 2p=43 4p=78  size=6.7MB
[ep 75369516] 4p  total 2p=43 4p=79  size=6.7MB
[ep 75366934] 2p  total 2p=44 4p=79  size=6.7MB
[ep 75366471] 4p  total 2p=44 4p=80  size=6.7MB
[ep 75362485] 4p  total 2p=44 4p=81  size=6.7MB
[ep 75358840] 4p  total 2p=44 4p=82  size=6.8MB
[ep 75357271] 2p  total 2p=45 4p=82  size=6.8MB
[ep 75356206] 2p  total 2p=46 4p=82  size=6.8MB
[ep 75356234] 2p  total 2p=47 4p=82  size=6.8MB
[ep 75355795] 4p  total 2p=47 4p=83  size=6.8MB
[ep 75349690] 4p  total 2p=47 4p=84  size=6.8MB
[ep 75345968] 2p  total 2p=48 4p=84  size=6.8MB
[ep 75341789] 4p  total 2p=48 4p=85  size=6.8MB
[ep 75336206] 2p  total 2p=49 4p=85  size=6.8MB
[ep 75333720] 4p  total 2p=49 4p=86  size=6.8MB
[ep 75329233] 4p  total 2p=49 4p=87  size=6.9MB
[ep 75326316] 2p  total 2p=50 4p=87  size=6.9MB
[ep 75324264] 4p  total 2p=50 4p=88  size=6.9MB
[ep 75322591] 2p  total 2p=51 4p=88  size=6.9MB
[ep 75312201] 2p  total 2p=52 4p=88  size=6.9MB
[ep 75303636] 4p  total 2p=52 4p=89  size=6.9MB
[ep 75300793] 4p  total 2p=52 4p=90  size=6.9MB
[ep 75298830] 2p  total 2p=53 4p=90  size=6.9MB
[ep 75296571] 4p  total 2p=53 4p=91  size=6.9MB
[ep 75293902] 2p  total 2p=54 4p=91  size=7.0MB
[ep 75293281] 4p  total 2p=54 4p=92  size=7.0MB
[ep 75284800] 4p  total 2p=54 4p=93  size=7.0MB
[ep 75282998] 4p  total 2p=54 4p=94  size=7.0MB
[ep 75282788] 4p  total 2p=54 4p=95  size=7.0MB
[ep 75274159] 2p  total 2p=55 4p=95  size=7.0MB
[ep 75269496] 4p  total 2p=55 4p=96  size=7.0MB
[ep 75269338] 4p  total 2p=55 4p=97  size=7.0MB
[ep 75269232] 4p  total 2p=55 4p=98  size=7.0MB
[ep 75266296] 4p  total 2p=55 4p=99  size=7.1MB
[ep 75266074] 2p  total 2p=56 4p=99  size=7.1MB
[ep 75265974] 2p  total 2p=57 4p=99  size=7.1MB
[ep 75264617] 2p  total 2p=58 4p=99  size=7.1MB
[ep 75264148] 2p  total 2p=59 4p=99  size=7.1MB
[ep 75263733] 4p  total 2p=59 4p=100  size=7.1MB
[ep 75262522] 2p  total 2p=60 4p=100  size=7.1MB
[ep 75262540] 2p  total 2p=61 4p=100  size=7.1MB
[ep 75261007] 2p  total 2p=62 4p=100  size=7.1MB
[ep 75259775] 4p  total 2p=62 4p=101  size=7.1MB
[ep 75259286] 2p  total 2p=63 4p=101  size=7.2MB
[ep 75256617] 4p  total 2p=63 4p=102  size=7.2MB
[ep 75255298] 4p  total 2p=63 4p=103  size=7.2MB
[ep 75254773] 4p  total 2p=63 4p=104  size=7.2MB
[ep 75253188] 4p  total 2p=63 4p=105  size=7.2MB
[ep 75252741] 4p  total 2p=63 4p=106  size=7.2MB
[ep 75245759] 4p  total 2p=63 4p=107  size=7.3MB
[ep 75245603] 2p  total 2p=64 4p=107  size=7.3MB
[ep 75243850] 2p  total 2p=65 4p=107  size=7.3MB
[ep 75242716] 2p  total 2p=66 4p=107  size=7.3MB
[ep 75242463] 4p  total 2p=66 4p=108  size=7.3MB
[ep 75241862] 4p  total 2p=66 4p=109  size=7.3MB
[ep 75240244] 4p  total 2p=66 4p=110  size=7.3MB
[ep 75238224] 4p  total 2p=66 4p=111  size=7.4MB
[ep 75235830] 4p  total 2p=66 4p=112  size=7.4MB
[ep 75231957] 2p  total 2p=67 4p=112  size=7.4MB
[ep 75230736] 4p  total 2p=67 4p=113  size=7.4MB
[ep 75230634] 2p  total 2p=68 4p=113  size=7.4MB
[ep 75229096] 2p  total 2p=69 4p=113  size=7.4MB
[ep 75228179] 4p  total 2p=69 4p=114  size=7.4MB
[ep 75226275] 2p  total 2p=70 4p=114  size=7.4MB
[ep 75217447] 4p  total 2p=70 4p=115  size=7.4MB
[ep 75215107] 4p  total 2p=70 4p=116  size=7.5MB
[ep 75214062] 4p  total 2p=70 4p=117  size=7.5MB
[ep 75213772] 2p  total 2p=71 4p=117  size=7.5MB
[ep 75210128] 4p  total 2p=71 4p=118  size=7.5MB
[ep 75209335] 2p  total 2p=72 4p=118  size=7.5MB
[ep 75206926] 4p  total 2p=72 4p=119  size=7.5MB
[ep 75206236] 4p  total 2p=72 4p=120  size=7.5MB
[ep 75205840] 4p  total 2p=72 4p=121  size=7.5MB
[ep 75205649] 2p  total 2p=73 4p=121  size=7.5MB
[ep 75204874] 2p  total 2p=74 4p=121  size=7.5MB
[ep 75203110] 4p  total 2p=74 4p=122  size=7.6MB
[ep 75201740] 4p  total 2p=74 4p=123  size=7.6MB
[ep 75201738] 4p  total 2p=74 4p=124  size=7.6MB
[ep 75201417] 4p  total 2p=74 4p=125  size=7.6MB
[ep 75201327] 2p  total 2p=75 4p=125  size=7.6MB
[ep 75198978] 4p  total 2p=75 4p=126  size=7.6MB
[ep 75198466] 2p  total 2p=76 4p=126  size=7.6MB
[ep 75198078] 2p  total 2p=77 4p=126  size=7.6MB
[ep 75198014] 4p  total 2p=77 4p=127  size=7.7MB
[ep 75196651] 4p  total 2p=77 4p=128  size=7.7MB
[ep 75196176] 4p  total 2p=77 4p=129  size=7.7MB
[ep 75196042] 2p  total 2p=78 4p=129  size=7.7MB
[ep 75195889] 2p  total 2p=79 4p=129  size=7.7MB
[ep 75195557] 4p  total 2p=79 4p=130  size=7.7MB
[ep 75195423] 2p  total 2p=80 4p=130  size=7.7MB
[ep 75194571] 4p  total 2p=80 4p=131  size=7.7MB
[ep 75193587] 4p  total 2p=80 4p=132  size=7.8MB
[ep 75193113] 4p  total 2p=80 4p=133  size=7.8MB
[ep 75190445] 2p  total 2p=81 4p=133  size=7.8MB
[ep 75189871] 4p  total 2p=81 4p=134  size=7.8MB
[ep 75189814] 2p  total 2p=82 4p=134  size=7.8MB
[ep 75189230] 4p  total 2p=82 4p=135  size=7.8MB
[ep 75188919] 2p  total 2p=83 4p=135  size=7.8MB
[ep 75186912] 2p  total 2p=84 4p=135  size=7.8MB
[ep 75186748] 4p  total 2p=84 4p=136  size=7.8MB
[ep 75186501] 4p  total 2p=84 4p=137  size=7.9MB
[ep 75185910] 4p  total 2p=84 4p=138  size=7.9MB
[ep 75185670] 4p  total 2p=84 4p=139  size=7.9MB
[ep 75184079] 4p  total 2p=84 4p=140  size=7.9MB
[ep 75183107] 4p  total 2p=84 4p=141  size=7.9MB
[ep 75182601] 4p  total 2p=84 4p=142  size=7.9MB
[ep 75182539] 2p  total 2p=85 4p=142  size=7.9MB
[ep 75182359] 2p  total 2p=86 4p=142  size=7.9MB
[ep 75181012] 4p  total 2p=86 4p=143  size=7.9MB
[ep 75180572] 4p  total 2p=86 4p=144  size=7.9MB
[ep 75179883] 2p  total 2p=87 4p=144  size=7.9MB
[ep 75177091] 4p  total 2p=87 4p=145  size=8.0MB
[ep 75176958] 4p  total 2p=87 4p=146  size=8.0MB
[ep 75176947] 4p  total 2p=87 4p=147  size=8.0MB
[ep 75176577] 4p  total 2p=87 4p=148  size=8.0MB
[ep 75176468] 2p  total 2p=88 4p=148  size=8.0MB
[ep 75176268] 4p  total 2p=88 4p=149  size=8.0MB
[ep 75175718] 2p  total 2p=89 4p=149  size=8.0MB
[ep 75175556] 2p  total 2p=90 4p=149  size=8.0MB
[ep 75175311] 2p  total 2p=91 4p=149  size=8.0MB
[ep 75175198] 2p  total 2p=92 4p=149  size=8.0MB
[ep 75175136] 2p  total 2p=93 4p=149  size=8.0MB
[ep 75175005] 2p  total 2p=94 4p=149  size=8.1MB
[ep 75174945] 4p  total 2p=94 4p=150  size=8.1MB
[ep 75174678] 4p  total 2p=94 4p=151  size=8.1MB
[ep 75174543] 4p  total 2p=94 4p=152  size=8.1MB
[ep 75174490] 4p  total 2p=94 4p=153  size=8.1MB
[ep 75174442] 4p  total 2p=94 4p=154  size=8.1MB
[ep 75174379] 2p  total 2p=95 4p=154  size=8.1MB
[ep 75174309] 2p  total 2p=96 4p=154  size=8.1MB
[ep 75174250] 2p  total 2p=97 4p=154  size=8.1MB
[ep 75174267] 2p  total 2p=98 4p=154  size=8.1MB
[ep 75174149] 4p  total 2p=98 4p=155  size=8.2MB
[sub 52031758] 84 episodes (queue=1368)
[ep 75640263] 4p  total 2p=98 4p=156  size=8.2MB
[ep 75638179] 4p  total 2p=98 4p=157  size=8.2MB
[ep 75635787] 4p  total 2p=98 4p=158  size=8.2MB
[ep 75627912] 4p  total 2p=98 4p=159  size=8.2MB
[ep 75619772] 4p  total 2p=98 4p=160  size=8.2MB
[ep 75619225] 4p  total 2p=98 4p=161  size=8.2MB
[ep 75614693] 4p  total 2p=98 4p=162  size=8.2MB
[ep 75613510] 4p  total 2p=98 4p=163  size=8.3MB
[ep 75612207] 4p  total 2p=98 4p=164  size=8.3MB
[ep 75611779] 4p  total 2p=98 4p=165  size=8.4MB
[ep 75604371] 4p  total 2p=98 4p=166  size=8.4MB
[ep 75603114] 4p  total 2p=98 4p=167  size=8.4MB
[ep 75602145] 4p  total 2p=98 4p=168  size=8.4MB
[ep 75601921] 2p  total 2p=99 4p=168  size=8.4MB
[ep 75599341] 4p  total 2p=99 4p=169  size=8.4MB
[ep 75593108] 4p  total 2p=99 4p=170  size=8.4MB
[ep 75589816] 4p  total 2p=99 4p=171  size=8.5MB
[ep 75581725] 4p  total 2p=99 4p=172  size=8.5MB
[ep 75580968] 4p  total 2p=99 4p=173  size=8.5MB
[ep 75578785] 4p  total 2p=99 4p=174  size=8.5MB
[ep 75575617] 4p  total 2p=99 4p=175  size=8.5MB
[ep 75571946] 4p  total 2p=99 4p=176  size=8.5MB
[ep 75565405] 4p  total 2p=99 4p=177  size=8.5MB
[ep 75564586] 4p  total 2p=99 4p=178  size=8.5MB
[ep 75556971] 4p  total 2p=99 4p=179  size=8.6MB
[ep 75550772] 4p  total 2p=99 4p=180  size=8.6MB
[ep 75550614] 4p  total 2p=99 4p=181  size=8.6MB
[ep 75543029] 2p  total 2p=100 4p=181  size=8.6MB
[ep 75538797] 2p  total 2p=101 4p=181  size=8.6MB
[ep 75537420] 2p  total 2p=102 4p=181  size=8.6MB
[ep 75534043] 2p  total 2p=103 4p=181  size=8.6MB
[ep 75530870] 4p  total 2p=103 4p=182  size=8.6MB
[ep 75526650] 4p  total 2p=103 4p=183  size=8.6MB
[ep 75525198] 2p  total 2p=104 4p=183  size=8.6MB
[ep 75522516] 2p  total 2p=105 4p=183  size=8.6MB
[ep 75521640] 2p  total 2p=106 4p=183  size=8.6MB
[ep 75512932] 4p  total 2p=106 4p=184  size=8.7MB
[ep 75510358] 4p  total 2p=106 4p=185  size=8.7MB
[ep 75501051] 2p  total 2p=107 4p=185  size=8.7MB
[ep 75500933] 4p  total 2p=107 4p=186  size=8.7MB
[ep 75500615] 2p  total 2p=108 4p=186  size=8.7MB
[ep 75500467] 4p  total 2p=108 4p=187  size=8.7MB
[ep 75499061] 4p  total 2p=108 4p=188  size=8.8MB
[ep 75493791] 4p  total 2p=108 4p=189  size=8.8MB
[ep 75492996] 4p  total 2p=108 4p=190  size=8.8MB
[ep 75492694] 2p  total 2p=109 4p=190  size=8.8MB
[ep 75487470] 4p  total 2p=109 4p=191  size=8.8MB
[ep 75485004] 4p  total 2p=109 4p=192  size=8.8MB
[ep 75475099] 2p  total 2p=110 4p=192  size=8.8MB
[ep 75472762] 2p  total 2p=111 4p=192  size=8.8MB
[ep 75468353] 4p  total 2p=111 4p=193  size=8.8MB
[ep 75465585] 4p  total 2p=111 4p=194  size=8.9MB
[ep 75464604] 4p  total 2p=111 4p=195  size=8.9MB
[ep 75460073] 4p  total 2p=111 4p=196  size=8.9MB
[ep 75457325] 4p  total 2p=111 4p=197  size=8.9MB
[ep 75456394] 2p  total 2p=112 4p=197  size=8.9MB
[ep 75455597] 2p  total 2p=113 4p=197  size=8.9MB
[ep 75452489] 4p  total 2p=113 4p=198  size=8.9MB
[ep 75450805] 2p  total 2p=114 4p=198  size=8.9MB
[ep 75448556] 4p  total 2p=114 4p=199  size=8.9MB
[ep 75442627] 4p  total 2p=114 4p=200  size=8.9MB
[ep 75437847] 4p  total 2p=114 4p=201  size=8.9MB
[ep 75436459] 4p  total 2p=114 4p=202  size=8.9MB
[ep 75436309] 4p  total 2p=114 4p=203  size=8.9MB
[ep 75435676] 2p  total 2p=115 4p=203  size=8.9MB
[ep 75434103] 2p  total 2p=116 4p=203  size=8.9MB
[ep 75433608] 4p  total 2p=116 4p=204  size=9.0MB
[ep 75433234] 2p  total 2p=117 4p=204  size=9.0MB
[ep 75433051] 2p  total 2p=118 4p=204  size=9.0MB
[ep 75432841] 2p  total 2p=119 4p=204  size=9.0MB
[ep 75432527] 2p  total 2p=120 4p=204  size=9.0MB
[ep 75432364] 2p  total 2p=121 4p=204  size=9.0MB
[ep 75432206] 4p  total 2p=121 4p=205  size=9.0MB
[ep 75432066] 4p  total 2p=121 4p=206  size=9.0MB
[ep 75431884] 2p  total 2p=122 4p=206  size=9.0MB
[ep 75431699] 2p  total 2p=123 4p=206  size=9.0MB
[ep 75431567] 4p  total 2p=123 4p=207  size=9.0MB
[ep 75431385] 2p  total 2p=124 4p=207  size=9.1MB
[ep 75431259] 4p  total 2p=124 4p=208  size=9.1MB
[ep 75431122] 4p  total 2p=124 4p=209  size=9.1MB
[ep 75430916] 4p  total 2p=124 4p=210  size=9.1MB
[sub 52023128] 67 episodes (queue=1507)
[ep 75640783] 4p  total 2p=124 4p=211  size=9.1MB
[ep 75637390] 2p  total 2p=125 4p=211  size=9.2MB
[ep 75636238] 4p  total 2p=125 4p=212  size=9.2MB
[ep 75629465] 4p  total 2p=125 4p=213  size=9.2MB
[ep 75625555] 4p  total 2p=125 4p=214  size=9.2MB
[ep 75624540] 2p  total 2p=126 4p=214  size=9.2MB
[ep 75620653] 2p  total 2p=127 4p=214  size=9.2MB
[ep 75618665] 4p  total 2p=127 4p=215  size=9.2MB
[ep 75614929] 2p  total 2p=128 4p=215  size=9.3MB
[ep 75614056] 2p  total 2p=129 4p=215  size=9.3MB
[ep 75609897] 2p  total 2p=130 4p=215  size=9.3MB
[ep 75609381] 4p  total 2p=130 4p=216  size=9.3MB
[ep 75606159] 4p  total 2p=130 4p=217  size=9.3MB
[ep 75602833] 4p  total 2p=130 4p=218  size=9.3MB
[ep 75594833] 4p  total 2p=130 4p=219  size=9.3MB
[ep 75593384] 4p  total 2p=130 4p=220  size=9.4MB
[ep 75590892] 4p  total 2p=130 4p=221  size=9.4MB
[ep 75588595] 4p  total 2p=130 4p=222  size=9.4MB
[ep 75587210] 4p  total 2p=130 4p=223  size=9.4MB
[ep 75587192] 4p  total 2p=130 4p=224  size=9.4MB
[ep 75582321] 2p  total 2p=131 4p=224  size=9.4MB
[ep 75581324] 2p  total 2p=132 4p=224  size=9.4MB
[ep 75579678] 4p  total 2p=132 4p=225  size=9.4MB
[ep 75579174] 4p  total 2p=132 4p=226  size=9.5MB
[ep 75577358] 2p  total 2p=133 4p=226  size=9.5MB
[ep 75572674] 2p  total 2p=134 4p=226  size=9.5MB
[ep 75567995] 2p  total 2p=135 4p=226  size=9.6MB
[ep 75564576] 4p  total 2p=135 4p=227  size=9.6MB
[ep 75562058] 4p  total 2p=135 4p=228  size=9.6MB
[ep 75555625] 2p  total 2p=136 4p=228  size=9.6MB
[ep 75552405] 4p  total 2p=136 4p=229  size=9.7MB
[ep 75543784] 2p  total 2p=137 4p=229  size=9.7MB
[ep 75539701] 4p  total 2p=137 4p=230  size=9.7MB
[ep 75533786] 4p  total 2p=137 4p=231  size=9.7MB
[ep 75526955] 4p  total 2p=137 4p=232  size=9.7MB
[ep 75515125] 2p  total 2p=138 4p=232  size=9.7MB
[ep 75505694] 4p  total 2p=138 4p=233  size=9.8MB
[ep 75505566] 4p  total 2p=138 4p=234  size=9.8MB
[ep 75495161] 4p  total 2p=138 4p=235  size=9.8MB
[ep 75493691] 4p  total 2p=138 4p=236  size=9.8MB
[ep 75485602] 2p  total 2p=139 4p=236  size=9.8MB
[ep 75470629] 4p  total 2p=139 4p=237  size=9.8MB
[ep 75466190] 4p  total 2p=139 4p=238  size=9.9MB
[ep 75463391] 2p  total 2p=140 4p=238  size=9.9MB
[ep 75457862] 2p  total 2p=141 4p=238  size=9.9MB
[ep 75457891] 2p  total 2p=142 4p=238  size=9.9MB
[ep 75453150] 2p  total 2p=143 4p=238  size=9.9MB
[ep 75447979] 4p  total 2p=143 4p=239  size=10.0MB
[ep 75444030] 2p  total 2p=144 4p=239  size=10.0MB
[ep 75432795] 2p  total 2p=145 4p=239  size=10.0MB
[ep 75428757] 2p  total 2p=146 4p=239  size=10.0MB
[ep 75422526] 4p  total 2p=146 4p=240  size=10.0MB
[ep 75419832] 2p  total 2p=147 4p=240  size=10.0MB
[ep 75419879] 2p  total 2p=148 4p=240  size=10.1MB
[ep 75419681] 2p  total 2p=149 4p=240  size=10.1MB
[ep 75419373] 2p  total 2p=150 4p=240  size=10.1MB
[ep 75419185] 2p  total 2p=151 4p=240  size=10.1MB
[ep 75419055] 4p  total 2p=151 4p=241  size=10.1MB
[ep 75418902] 4p  total 2p=151 4p=242  size=10.1MB
[ep 75418714] 2p  total 2p=152 4p=242  size=10.1MB
[ep 75418351] 2p  total 2p=153 4p=242  size=10.1MB
[ep 75418142] 2p  total 2p=154 4p=242  size=10.2MB
[ep 75417951] 2p  total 2p=155 4p=242  size=10.2MB
[ep 75417696] 4p  total 2p=155 4p=243  size=10.3MB
[sub 52054271] 73 episodes (queue=1597)
[ep 75634752] 2p  total 2p=156 4p=243  size=10.3MB
[ep 75630158] 4p  total 2p=156 4p=244  size=10.3MB
[ep 75629880] 4p  total 2p=156 4p=245  size=10.3MB
[ep 75619796] 4p  total 2p=156 4p=246  size=10.3MB
[ep 75613435] 4p  total 2p=156 4p=247  size=10.3MB
[ep 75610488] 2p  total 2p=157 4p=247  size=10.4MB
[ep 75608334] 2p  total 2p=158 4p=247  size=10.4MB
[ep 75606940] 4p  total 2p=158 4p=248  size=10.4MB
[ep 75603431] 2p  total 2p=159 4p=248  size=10.4MB
[ep 75603056] 4p  total 2p=159 4p=249  size=10.4MB
[ep 75601451] 4p  total 2p=159 4p=250  size=10.4MB
[ep 75601240] 4p  total 2p=159 4p=251  size=10.4MB
[ep 75600247] 4p  total 2p=159 4p=252  size=10.4MB
[ep 75599324] 4p  total 2p=159 4p=253  size=10.5MB
[ep 75596024] 4p  total 2p=159 4p=254  size=10.5MB
[ep 75589227] 4p  total 2p=159 4p=255  size=10.5MB
[ep 75583415] 2p  total 2p=160 4p=255  size=10.5MB
[ep 75578806] 4p  total 2p=160 4p=256  size=10.5MB
[ep 75572697] 2p  total 2p=161 4p=256  size=10.6MB
[ep 75572345] 4p  total 2p=161 4p=257  size=10.6MB
[ep 75571162] 4p  total 2p=161 4p=258  size=10.6MB
[ep 75571092] 4p  total 2p=161 4p=259  size=10.6MB
[ep 75571020] 4p  total 2p=161 4p=260  size=10.6MB
[ep 75571019] 4p  total 2p=161 4p=261  size=10.6MB
[ep 75570744] 4p  total 2p=161 4p=262  size=10.6MB
[ep 75568105] 2p  total 2p=162 4p=262  size=10.7MB
[ep 75566597] 4p  total 2p=162 4p=263  size=10.7MB
[ep 75565349] 4p  total 2p=162 4p=264  size=10.7MB
[ep 75558167] 2p  total 2p=163 4p=264  size=10.7MB
[ep 75556827] 4p  total 2p=163 4p=265  size=10.8MB
[ep 75553112] 4p  total 2p=163 4p=266  size=10.8MB
[ep 75542023] 4p  total 2p=163 4p=267  size=10.8MB
[ep 75540218] 2p  total 2p=164 4p=267  size=10.8MB
[ep 75539516] 2p  total 2p=165 4p=267  size=10.8MB
[ep 75536576] 4p  total 2p=165 4p=268  size=10.8MB
[ep 75533389] 2p  total 2p=166 4p=268  size=10.8MB
[ep 75529909] 2p  total 2p=167 4p=268  size=10.8MB
[ep 75519090] 2p  total 2p=168 4p=268  size=10.9MB
[ep 75519083] 2p  total 2p=169 4p=268  size=10.9MB
[ep 75513581] 4p  total 2p=169 4p=269  size=10.9MB
[ep 75511402] 2p  total 2p=170 4p=269  size=10.9MB
[ep 75510907] 4p  total 2p=170 4p=270  size=10.9MB
[ep 75509291] 4p  total 2p=170 4p=271  size=10.9MB
[ep 75505569] 4p  total 2p=170 4p=272  size=10.9MB
[ep 75503704] 2p  total 2p=171 4p=272  size=10.9MB
[ep 75502599] 4p  total 2p=171 4p=273  size=10.9MB
[ep 75501235] 2p  total 2p=172 4p=273  size=11.0MB
[ep 75498926] 2p  total 2p=173 4p=273  size=11.0MB
[ep 75493529] 4p  total 2p=173 4p=274  size=11.0MB
[ep 75493398] 4p  total 2p=173 4p=275  size=11.0MB
[ep 75493419] 4p  total 2p=173 4p=276  size=11.0MB
[ep 75492876] 4p  total 2p=173 4p=277  size=11.0MB
[ep 75492394] 2p  total 2p=174 4p=277  size=11.0MB
[ep 75484706] 4p  total 2p=174 4p=278  size=11.1MB
[ep 75484685] 4p  total 2p=174 4p=279  size=11.1MB
[ep 75475488] 2p  total 2p=175 4p=279  size=11.1MB
[ep 75473886] 2p  total 2p=176 4p=279  size=11.1MB
[ep 75473718] 2p  total 2p=177 4p=279  size=11.1MB
[ep 75473538] 2p  total 2p=178 4p=279  size=11.1MB
[ep 75473060] 2p  total 2p=179 4p=279  size=11.1MB
[ep 75472736] 2p  total 2p=180 4p=279  size=11.1MB
[ep 75472255] 4p  total 2p=180 4p=280  size=11.2MB
[ep 75472539] 2p  total 2p=181 4p=280  size=11.2MB
[ep 75472394] 4p  total 2p=181 4p=281  size=11.2MB
[ep 75472117] 4p  total 2p=181 4p=282  size=11.2MB
[ep 75471983] 4p  total 2p=181 4p=283  size=11.2MB
[ep 75471785] 2p  total 2p=182 4p=283  size=11.2MB
[ep 75471600] 2p  total 2p=183 4p=283  size=11.2MB
[ep 75471458] 4p  total 2p=183 4p=284  size=11.2MB
[ep 75471238] 4p  total 2p=183 4p=285  size=11.3MB
[sub 51792248] 319 episodes (queue=1708)
[ep 75637759] 4p  total 2p=183 4p=286  size=11.3MB
[ep 75637779] 4p  total 2p=183 4p=287  size=11.3MB
[ep 75636594] 2p  total 2p=184 4p=287  size=11.3MB
[ep 75634661] 4p  total 2p=184 4p=288  size=11.3MB
[ep 75632874] 4p  total 2p=184 4p=289  size=11.3MB
[ep 75631929] 2p  total 2p=185 4p=289  size=11.3MB
[ep 75630095] 4p  total 2p=185 4p=290  size=11.4MB
[ep 75629810] 4p  total 2p=185 4p=291  size=11.4MB
[ep 75629277] 4p  total 2p=185 4p=292  size=11.4MB
[ep 75627082] 4p  total 2p=185 4p=293  size=11.4MB
[ep 75624885] 2p  total 2p=186 4p=293  size=11.4MB
[ep 75624785] 4p  total 2p=186 4p=294  size=11.4MB
[ep 75624383] 4p  total 2p=186 4p=295  size=11.4MB
[ep 75624055] 4p  total 2p=186 4p=296  size=11.4MB
[ep 75620402] 2p  total 2p=187 4p=296  size=11.4MB
[ep 75620200] 4p  total 2p=187 4p=297  size=11.4MB
[ep 75619127] 4p  total 2p=187 4p=298  size=11.5MB
[ep 75617463] 2p  total 2p=188 4p=298  size=11.5MB
[ep 75612225] 4p  total 2p=188 4p=299  size=11.5MB
[ep 75611837] 2p  total 2p=189 4p=299  size=11.5MB
[ep 75605657] 4p  total 2p=189 4p=300  size=11.5MB
[ep 75603356] 2p  total 2p=190 4p=300  size=11.5MB
[ep 75602810] 4p  total 2p=190 4p=301  size=11.5MB
[ep 75599216] 4p  total 2p=190 4p=302  size=11.5MB
[ep 75589486] 4p  total 2p=190 4p=303  size=11.5MB
[ep 75588414] 2p  total 2p=191 4p=303  size=11.5MB
[ep 75587215] 4p  total 2p=191 4p=304  size=11.5MB
[ep 75585143] 4p  total 2p=191 4p=305  size=11.6MB
[ep 75583487] 2p  total 2p=192 4p=305  size=11.6MB
[ep 75583071] 4p  total 2p=192 4p=306  size=11.6MB
[ep 75581524] 4p  total 2p=192 4p=307  size=11.6MB
[ep 75581159] 4p  total 2p=192 4p=308  size=11.6MB
[ep 75580898] 4p  total 2p=192 4p=309  size=11.6MB
[ep 75579280] 4p  total 2p=192 4p=310  size=11.6MB
[ep 75577343] 2p  total 2p=193 4p=310  size=11.6MB
[ep 75575791] 4p  total 2p=193 4p=311  size=11.7MB
[ep 75575147] 2p  total 2p=194 4p=311  size=11.7MB
[ep 75570137] 2p  total 2p=195 4p=311  size=11.7MB
[ep 75568158] 2p  total 2p=196 4p=311  size=11.7MB
[ep 75564791] 4p  total 2p=196 4p=312  size=11.7MB
[ep 75560564] 4p  total 2p=196 4p=313  size=11.7MB
[ep 75560340] 4p  total 2p=196 4p=314  size=11.7MB
[ep 75559286] 2p  total 2p=197 4p=314  size=11.7MB
[ep 75556353] 4p  total 2p=197 4p=315  size=11.7MB
[ep 75544284] 4p  total 2p=197 4p=316  size=11.7MB
[ep 75538940] 4p  total 2p=197 4p=317  size=11.7MB
[ep 75536555] 4p  total 2p=197 4p=318  size=11.8MB
[ep 75534650] 4p  total 2p=197 4p=319  size=11.8MB
[ep 75533764] 4p  total 2p=197 4p=320  size=11.8MB
[ep 75530872] 4p  total 2p=197 4p=321  size=11.8MB
[ep 75530265] 4p  total 2p=197 4p=322  size=11.8MB
[ep 75530236] 4p  total 2p=197 4p=323  size=11.8MB
[ep 75526943] 4p  total 2p=197 4p=324  size=11.8MB
[ep 75526681] 4p  total 2p=197 4p=325  size=11.8MB
[ep 75525878] 2p  total 2p=198 4p=325  size=11.8MB
[ep 75523861] 4p  total 2p=198 4p=326  size=11.8MB
[ep 75519359] 4p  total 2p=198 4p=327  size=11.8MB
[ep 75516843] 4p  total 2p=198 4p=328  size=11.9MB
[ep 75511251] 2p  total 2p=199 4p=328  size=11.9MB
[ep 75500344] 2p  total 2p=200 4p=328  size=11.9MB
[ep 75496027] 4p  total 2p=200 4p=329  size=11.9MB
[ep 75495655] 2p  total 2p=201 4p=329  size=11.9MB
[ep 75493430] 4p  total 2p=201 4p=330  size=11.9MB
[ep 75493263] 4p  total 2p=201 4p=331  size=11.9MB
[ep 75490531] 4p  total 2p=201 4p=332  size=11.9MB
[ep 75489744] 4p  total 2p=201 4p=333  size=11.9MB
[ep 75489098] 4p  total 2p=201 4p=334  size=11.9MB
[ep 75489280] 2p  total 2p=202 4p=334  size=12.0MB
[ep 75489122] 4p  total 2p=202 4p=335  size=12.0MB
[ep 75486214] 2p  total 2p=203 4p=335  size=12.0MB
[ep 75484106] 4p  total 2p=203 4p=336  size=12.0MB
[ep 75482942] 4p  total 2p=203 4p=337  size=12.0MB
[ep 75479987] 4p  total 2p=203 4p=338  size=12.0MB
[ep 75478451] 4p  total 2p=203 4p=339  size=12.0MB
[ep 75475970] 4p  total 2p=203 4p=340  size=12.0MB
[ep 75473936] 2p  total 2p=204 4p=340  size=12.0MB
[ep 75468674] 2p  total 2p=205 4p=340  size=12.0MB
[ep 75461996] 2p  total 2p=206 4p=340  size=12.0MB
[ep 75460390] 4p  total 2p=206 4p=341  size=12.0MB
[ep 75458438] 4p  total 2p=206 4p=342  size=12.0MB
[ep 75450963] 2p  total 2p=207 4p=342  size=12.0MB
[ep 75443030] 2p  total 2p=208 4p=342  size=12.1MB
[ep 75442477] 4p  total 2p=208 4p=343  size=12.1MB
[ep 75437406] 4p  total 2p=208 4p=344  size=12.1MB
[ep 75435285] 2p  total 2p=209 4p=344  size=12.1MB
[ep 75434734] 2p  total 2p=210 4p=344  size=12.1MB
[ep 75432658] 4p  total 2p=210 4p=345  size=12.1MB
[ep 75423202] 4p  total 2p=210 4p=346  size=12.1MB
[ep 75417665] 4p  total 2p=210 4p=347  size=12.1MB
[ep 75415209] 2p  total 2p=211 4p=347  size=12.1MB
[ep 75413588] 2p  total 2p=212 4p=347  size=12.1MB
[ep 75412958] 4p  total 2p=212 4p=348  size=12.1MB
[ep 75409860] 4p  total 2p=212 4p=349  size=12.2MB
[ep 75405761] 2p  total 2p=213 4p=349  size=12.2MB
[ep 75405665] 4p  total 2p=213 4p=350  size=12.2MB
[ep 75402325] 2p  total 2p=214 4p=350  size=12.2MB
[ep 75401154] 4p  total 2p=214 4p=351  size=12.2MB
[ep 75398987] 2p  total 2p=215 4p=351  size=12.2MB
[ep 75396667] 2p  total 2p=216 4p=351  size=12.2MB
[ep 75396122] 4p  total 2p=216 4p=352  size=12.2MB
[ep 75394636] 2p  total 2p=217 4p=352  size=12.2MB
[ep 75389289] 4p  total 2p=217 4p=353  size=12.3MB
[ep 75388662] 4p  total 2p=217 4p=354  size=12.3MB
[ep 75386512] 4p  total 2p=217 4p=355  size=12.3MB
[ep 75383168] 4p  total 2p=217 4p=356  size=12.4MB
[ep 75382907] 4p  total 2p=217 4p=357  size=12.4MB
[ep 75381169] 4p  total 2p=217 4p=358  size=12.4MB
[ep 75378161] 4p  total 2p=217 4p=359  size=12.4MB
[ep 75375806] 4p  total 2p=217 4p=360  size=12.4MB
[ep 75374746] 4p  total 2p=217 4p=361  size=12.4MB
[ep 75374749] 4p  total 2p=217 4p=362  size=12.4MB
[ep 75373887] 4p  total 2p=217 4p=363  size=12.4MB
[ep 75370774] 4p  total 2p=217 4p=364  size=12.5MB
[ep 75367918] 2p  total 2p=218 4p=364  size=12.5MB
[ep 75367764] 2p  total 2p=219 4p=364  size=12.5MB
[ep 75367050] 4p  total 2p=219 4p=365  size=12.5MB
[ep 75364906] 4p  total 2p=219 4p=366  size=12.5MB
[ep 75363089] 4p  total 2p=219 4p=367  size=12.5MB
[ep 75362830] 2p  total 2p=220 4p=367  size=12.5MB
[ep 75360108] 2p  total 2p=221 4p=367  size=12.5MB
[ep 75358412] 2p  total 2p=222 4p=367  size=12.5MB
[ep 75355646] 4p  total 2p=222 4p=368  size=12.5MB
[ep 75354971] 4p  total 2p=222 4p=369  size=12.6MB
[ep 75353647] 2p  total 2p=223 4p=369  size=12.6MB
[ep 75353193] 2p  total 2p=224 4p=369  size=12.6MB
[ep 75352580] 4p  total 2p=224 4p=370  size=12.6MB
[ep 75351154] 2p  total 2p=225 4p=370  size=12.6MB
[ep 75347183] 4p  total 2p=225 4p=371  size=12.6MB
[ep 75346582] 4p  total 2p=225 4p=372  size=12.6MB
[ep 75343691] 2p  total 2p=226 4p=372  size=12.6MB
[ep 75339341] 4p  total 2p=226 4p=373  size=12.6MB
[ep 75335385] 4p  total 2p=226 4p=374  size=12.7MB
[ep 75331064] 4p  total 2p=226 4p=375  size=12.7MB
[ep 75329957] 2p  total 2p=227 4p=375  size=12.7MB
[ep 75326269] 2p  total 2p=228 4p=375  size=12.7MB
[ep 75324703] 4p  total 2p=228 4p=376  size=12.7MB
[ep 75323261] 4p  total 2p=228 4p=377  size=12.7MB
[ep 75321807] 4p  total 2p=228 4p=378  size=12.7MB
[ep 75320328] 4p  total 2p=228 4p=379  size=12.7MB
[ep 75319865] 2p  total 2p=229 4p=379  size=12.7MB
[ep 75316744] 4p  total 2p=229 4p=380  size=12.7MB
[ep 75311058] 4p  total 2p=229 4p=381  size=12.8MB
[ep 75305163] 4p  total 2p=229 4p=382  size=12.8MB
[ep 75304809] 4p  total 2p=229 4p=383  size=12.8MB
[ep 75299937] 4p  total 2p=229 4p=384  size=12.8MB
[ep 75289789] 4p  total 2p=229 4p=385  size=12.8MB
[ep 75275475] 2p  total 2p=230 4p=385  size=12.8MB
[ep 75269684] 4p  total 2p=230 4p=386  size=12.8MB
[ep 75266485] 4p  total 2p=230 4p=387  size=12.8MB
[ep 75265874] 4p  total 2p=230 4p=388  size=12.8MB
[ep 75261769] 4p  total 2p=230 4p=389  size=12.9MB
[ep 75260076] 2p  total 2p=231 4p=389  size=12.9MB
[ep 75259504] 2p  total 2p=232 4p=389  size=12.9MB
[ep 75259213] 4p  total 2p=232 4p=390  size=12.9MB
[ep 75250958] 2p  total 2p=233 4p=390  size=12.9MB
[ep 75250803] 2p  total 2p=234 4p=390  size=12.9MB
[ep 75249697] 2p  total 2p=235 4p=390  size=12.9MB
[ep 75248540] 4p  total 2p=235 4p=391  size=12.9MB
[ep 75245857] 4p  total 2p=235 4p=392  size=12.9MB
[ep 75245498] 4p  total 2p=235 4p=393  size=12.9MB
[ep 75245117] 2p  total 2p=236 4p=393  size=12.9MB
[ep 75243291] 2p  total 2p=237 4p=393  size=12.9MB
[ep 75240487] 2p  total 2p=238 4p=393  size=13.0MB
[ep 75240150] 4p  total 2p=238 4p=394  size=13.0MB
[ep 75240071] 4p  total 2p=238 4p=395  size=13.0MB
[ep 75238242] 4p  total 2p=238 4p=396  size=13.0MB
[ep 75237226] 4p  total 2p=238 4p=397  size=13.0MB
[ep 75235300] 2p  total 2p=239 4p=397  size=13.0MB
[ep 75233275] 4p  total 2p=239 4p=398  size=13.0MB
[ep 75223136] 4p  total 2p=239 4p=399  size=13.0MB
[ep 75219345] 4p  total 2p=239 4p=400  size=13.0MB
[ep 75217044] 4p  total 2p=239 4p=401  size=13.0MB
[ep 75216806] 4p  total 2p=239 4p=402  size=13.1MB
[ep 75216134] 4p  total 2p=239 4p=403  size=13.1MB
[ep 75215600] 2p  total 2p=240 4p=403  size=13.1MB
[ep 75215293] 2p  total 2p=241 4p=403  size=13.1MB
[ep 75214222] 2p  total 2p=242 4p=403  size=13.1MB
