[     754ms] [LOG]  _                       _       
| |    Welcome to       | |      
| | __ ___   __ _  __ _ | | ___  
| |/ /|__ \ / _` |/ _` || |/ _ \ 
|   < / _  | (_| | (_| || |  __/ 
|_|\_\\__,_|\__, |\__, ||_|\___| 
             __/ | __/ |         
            |___/ |___/          
 @ https://www.kaggle.com/static/assets/app.js?v=858ef96394231df4:0
[     917ms] [WARNING] No `HydrateFallback` element provided to render during initial hydration @ https://www.kaggle.com/static/assets/vendor.js?v=f36df333f5148fa7:255
[    2131ms] [ERROR] Failed to load resource: the server responded with a status of 404 () @ https://www.kaggle.com/static/assets/vendor.css?v=dne:0
[    5762ms] [LOG] context {animate: false, agents: Array(0), controls: true, debug: true, environment: Object} @ about:srcdoc:518144
[    6097ms] [LOG] context {animate: false, agents: Array(0), controls: true, debug: true, environment: Object} @ about:srcdoc:518144
[    6430ms] [LOG] context {animate: false, agents: Array(0), controls: true, debug: true, environment: Object} @ about:srcdoc:518144
[    6766ms] [LOG] context {animate: false, agents: Array(0), controls: true, debug: true, environment: Object} @ about:srcdoc:518144
[    7100ms] [LOG] context {animate: false, agents: Array(0), controls: true, debug: true, environment: Object} @ about:srcdoc:518144
[    7434ms] [LOG] context {animate: false, agents: Array(0), controls: true, debug: true, environment: Object} @ about:srcdoc:518144
[    7769ms] [LOG] context {animate: false, agents: Array(0), controls: true, debug: true, environment: Object} @ about:srcdoc:518144
[    8107ms] [LOG] context {animate: false, agents: Array(0), controls: true, debug: true, environment: Object} @ about:srcdoc:518144
[    8441ms] [LOG] context {animate: false, agents: Array(0), controls: true, debug: true, environment: Object} @ about:srcdoc:518144
[    8778ms] [LOG] context {animate: false, agents: Array(0), controls: true, debug: true, environment: Object} @ about:srcdoc:518144
[    9113ms] [LOG] context {animate: false, agents: Array(0), controls: true, debug: true, environment: Object} @ about:srcdoc:518144
[    9449ms] [LOG] context {animate: false, agents: Array(0), controls: true, debug: true, environment: Object} @ about:srcdoc:518144
[    9785ms] [LOG] context {animate: false, agents: Array(0), controls: true, debug: true, environment: Object} @ about:srcdoc:518144
[   10122ms] [LOG] context {animate: false, agents: Array(0), controls: true, debug: true, environment: Object} @ about:srcdoc:518144
[   10456ms] [LOG] context {animate: false, agents: Array(0), controls: true, debug: true, environment: Object} @ about:srcdoc:518144
[   10789ms] [LOG] context {animate: false, agents: Array(0), controls: true, debug: true, environment: Object} @ about:srcdoc:518144
[   11124ms] [LOG] context {animate: false, agents: Array(0), controls: true, debug: true, environment: Object} @ about:srcdoc:518144
[   11461ms] [LOG] context {animate: false, agents: Array(0), controls: true, debug: true, environment: Object} @ about:srcdoc:518144
[   11794ms] [LOG] context {animate: false, agents: Array(0), controls: true, debug: true, environment: Object} @ about:srcdoc:518144
[   12130ms] [LOG] context {animate: false, agents: Array(0), controls: true, debug: true, environment: Object} @ about:srcdoc:518144
[   12762ms] [LOG] context {animate: false, agents: Array(0), controls: true, debug: true, environment: Object} @ about:srcdoc:518144
[   13108ms] [LOG] context {animate: false, agents: Array(0), controls: true, debug: true, environment: Object} @ about:srcdoc:518144
[   14865ms] [LOG] context {animate: false, agents: Array(0), controls: true, debug: true, environment: Object} @ about:srcdoc:518144
[   15409ms] [LOG] context {animate: false, agents: Array(0), controls: true, debug: true, environment: Object} @ about:srcdoc:518144
[   15514ms] [LOG] context {animate: false, agents: Array(0), controls: true, debug: true, environment: Object} @ about:srcdoc:2433177
[   15758ms] [LOG] context {animate: false, agents: Array(0), controls: true, debug: true, environment: Object} @ about:srcdoc:518144
[   15847ms] [LOG] context {animate: false, agents: Array(0), controls: true, debug: true, environment: Object} @ about:srcdoc:2433177
[   16097ms] [LOG] context {animate: false, agents: Array(0), controls: true, debug: true, environment: Object} @ about:srcdoc:518144
[   16189ms] [LOG] context {animate: false, agents: Array(0), controls: true, debug: true, environment: Object} @ about:srcdoc:2433177
[   16437ms] [LOG] context {animate: false, agents: Array(0), controls: true, debug: true, environment: Object} @ about:srcdoc:518144
[   16531ms] [LOG] context {animate: false, agents: Array(0), controls: true, debug: true, environment: Object} @ about:srcdoc:2433177
[   16778ms] [LOG] context {animate: false, agents: Array(0), controls: true, debug: true, environment: Object} @ about:srcdoc:518144
[   16869ms] [LOG] context {animate: false, agents: Array(0), controls: true, debug: true, environment: Object} @ about:srcdoc:2433177
[   17115ms] [LOG] context {animate: false, agents: Array(0), controls: true, debug: true, environment: Object} @ about:srcdoc:518144
[   17208ms] [LOG] context {animate: false, agents: Array(0), controls: true, debug: true, environment: Object} @ about:srcdoc:2433177
[   17454ms] [LOG] context {animate: false, agents: Array(0), controls: true, debug: true, environment: Object} @ about:srcdoc:518144
[   17547ms] [LOG] context {animate: false, agents: Array(0), controls: true, debug: true, environment: Object} @ about:srcdoc:2433177
[   17796ms] [LOG] context {animate: false, agents: Array(0), controls: true, debug: true, environment: Object} @ about:srcdoc:518144
[   17889ms] [LOG] context {animate: false, agents: Array(0), controls: true, debug: true, environment: Object} @ about:srcdoc:2433177
[   18139ms] [LOG] context {animate: false, agents: Array(0), controls: true, debug: true, environment: Object} @ about:srcdoc:518144
[   18232ms] [LOG] context {animate: false, agents: Array(0), controls: true, debug: true, environment: Object} @ about:srcdoc:2433177
[   18482ms] [LOG] context {animate: false, agents: Array(0), controls: true, debug: true, environment: Object} @ about:srcdoc:518144
[   18573ms] [LOG] context {animate: false, agents: Array(0), controls: true, debug: true, environment: Object} @ about:srcdoc:2433177
[   18822ms] [LOG] context {animate: false, agents: Array(0), controls: true, debug: true, environment: Object} @ about:srcdoc:518144
[   18914ms] [LOG] context {animate: false, agents: Array(0), controls: true, debug: true, environment: Object} @ about:srcdoc:2433177
[   19162ms] [LOG] context {animate: false, agents: Array(0), controls: true, debug: true, environment: Object} @ about:srcdoc:518144
[   19256ms] [LOG] context {animate: false, agents: Array(0), controls: true, debug: true, environment: Object} @ about:srcdoc:2433177
[   19503ms] [LOG] context {animate: false, agents: Array(0), controls: true, debug: true, environment: Object} @ about:srcdoc:518144
[   19596ms] [LOG] context {animate: false, agents: Array(0), controls: true, debug: true, environment: Object} @ about:srcdoc:2433177
[   19844ms] [LOG] context {animate: false, agents: Array(0), controls: true, debug: true, environment: Object} @ about:srcdoc:518144
[   19937ms] [LOG] context {animate: false, agents: Array(0), controls: true, debug: true, environment: Object} @ about:srcdoc:2433177
[   20177ms] [LOG] context {animate: false, agents: Array(0), controls: true, debug: true, environment: Object} @ about:srcdoc:518144
[   20278ms] [LOG] context {animate: false, agents: Array(0), controls: true, debug: true, environment: Object} @ about:srcdoc:2433177
[   20511ms] [LOG] context {animate: false, agents: Array(0), controls: true, debug: true, environment: Object} @ about:srcdoc:518144
[   20621ms] [LOG] context {animate: false, agents: Array(0), controls: true, debug: true, environment: Object} @ about:srcdoc:2433177
[   20854ms] [LOG] context {animate: false, agents: Array(0), controls: true, debug: true, environment: Object} @ about:srcdoc:518144
[   20963ms] [LOG] context {animate: false, agents: Array(0), controls: true, debug: true, environment: Object} @ about:srcdoc:2433177
[   21196ms] [LOG] context {animate: false, agents: Array(0), controls: true, debug: true, environment: Object} @ about:srcdoc:518144
[   21306ms] [LOG] context {animate: false, agents: Array(0), controls: true, debug: true, environment: Object} @ about:srcdoc:2433177
[   21537ms] [LOG] context {animate: false, agents: Array(0), controls: true, debug: true, environment: Object} @ about:srcdoc:518144
[   21645ms] [LOG] context {animate: false, agents: Array(0), controls: true, debug: true, environment: Object} @ about:srcdoc:2433177
[   21879ms] [LOG] context {animate: false, agents: Array(0), controls: true, debug: true, environment: Object} @ about:srcdoc:518144
[   21987ms] [LOG] context {animate: false, agents: Array(0), controls: true, debug: true, environment: Object} @ about:srcdoc:2433177
[   22212ms] [LOG] context {animate: false, agents: Array(0), controls: true, debug: true, environment: Object} @ about:srcdoc:518144
[   22327ms] [LOG] context {animate: false, agents: Array(0), controls: true, debug: true, environment: Object} @ about:srcdoc:2433177
[   22558ms] [LOG] context {animate: false, agents: Array(0), controls: true, debug: true, environment: Object} @ about:srcdoc:518144
[   22668ms] [LOG] context {animate: false, agents: Array(0), controls: true, debug: true, environment: Object} @ about:srcdoc:2433177
[   22899ms] [LOG] context {animate: false, agents: Array(0), controls: true, debug: true, environment: Object} @ about:srcdoc:518144
[   23008ms] [LOG] context {animate: false, agents: Array(0), controls: true, debug: true, environment: Object} @ about:srcdoc:2433177
[   23241ms] [LOG] context {animate: false, agents: Array(0), controls: true, debug: true, environment: Object} @ about:srcdoc:518144
[   23341ms] [LOG] context {animate: false, agents: Array(0), controls: true, debug: true, environment: Object} @ about:srcdoc:2433177
[   23582ms] [LOG] context {animate: false, agents: Array(0), controls: true, debug: true, environment: Object} @ about:srcdoc:518144
[   23676ms] [LOG] context {animate: false, agents: Array(0), controls: true, debug: true, environment: Object} @ about:srcdoc:2433177
[   23924ms] [LOG] context {animate: false, agents: Array(0), controls: true, debug: true, environment: Object} @ about:srcdoc:518144
[   24082ms] [LOG] context {animate: false, agents: Array(0), controls: true, debug: true, environment: Object} @ about:srcdoc:2433177
[   29374ms] [LOG] context {animate: false, agents: Array(0), controls: true, debug: true, environment: Object} @ about:srcdoc:518144
[   29376ms] [LOG] context {animate: false, agents: Array(0), controls: true, debug: true, environment: Object} @ about:srcdoc:2433177
[   29720ms] [LOG] context {animate: false, agents: Array(0), controls: true, debug: true, environment: Object} @ about:srcdoc:518144
[   29720ms] [LOG] context {animate: false, agents: Array(0), controls: true, debug: true, environment: Object} @ about:srcdoc:2433177
[   30053ms] [LOG] context {animate: false, agents: Array(0), controls: true, debug: true, environment: Object} @ about:srcdoc:518144
[   30055ms] [LOG] context {animate: false, agents: Array(0), controls: true, debug: true, environment: Object} @ about:srcdoc:2433177
[   30392ms] [LOG] context {animate: false, agents: Array(0), controls: true, debug: true, environment: Object} @ about:srcdoc:518144
[   30393ms] [LOG] context {animate: false, agents: Array(0), controls: true, debug: true, environment: Object} @ about:srcdoc:2433177
[   30733ms] [LOG] context {animate: false, agents: Array(0), controls: true, debug: true, environment: Object} @ about:srcdoc:518144
[   30734ms] [LOG] context {animate: false, agents: Array(0), controls: true, debug: true, environment: Object} @ about:srcdoc:2433177
[   31072ms] [LOG] context {animate: false, agents: Array(0), controls: true, debug: true, environment: Object} @ about:srcdoc:518144
[   31073ms] [LOG] context {animate: false, agents: Array(0), controls: true, debug: true, environment: Object} @ about:srcdoc:2433177
[   31414ms] [LOG] context {animate: false, agents: Array(0), controls: true, debug: true, environment: Object} @ about:srcdoc:518144
[   31415ms] [LOG] context {animate: false, agents: Array(0), controls: true, debug: true, environment: Object} @ about:srcdoc:2433177
[   31757ms] [LOG] context {animate: false, agents: Array(0), controls: true, debug: true, environment: Object} @ about:srcdoc:518144
[   31759ms] [LOG] context {animate: false, agents: Array(0), controls: true, debug: true, environment: Object} @ about:srcdoc:2433177
[   32102ms] [LOG] context {animate: false, agents: Array(0), controls: true, debug: true, environment: Object} @ about:srcdoc:518144
[   32104ms] [LOG] context {animate: false, agents: Array(0), controls: true, debug: true, environment: Object} @ about:srcdoc:2433177
[   32443ms] [LOG] context {animate: false, agents: Array(0), controls: true, debug: true, environment: Object} @ about:srcdoc:518144
[   32445ms] [LOG] context {animate: false, agents: Array(0), controls: true, debug: true, environment: Object} @ about:srcdoc:2433177
[   32785ms] [LOG] context {animate: false, agents: Array(0), controls: true, debug: true, environment: Object} @ about:srcdoc:518144
[   32786ms] [LOG] context {animate: false, agents: Array(0), controls: true, debug: true, environment: Object} @ about:srcdoc:2433177
[   33124ms] [LOG] context {animate: false, agents: Array(0), controls: true, debug: true, environment: Object} @ about:srcdoc:518144
[   33126ms] [LOG] context {animate: false, agents: Array(0), controls: true, debug: true, environment: Object} @ about:srcdoc:2433177
[   33467ms] [LOG] context {animate: false, agents: Array(0), controls: true, debug: true, environment: Object} @ about:srcdoc:518144
[   33469ms] [LOG] context {animate: false, agents: Array(0), controls: true, debug: true, environment: Object} @ about:srcdoc:2433177
[   33811ms] [LOG] context {animate: false, agents: Array(0), controls: true, debug: true, environment: Object} @ about:srcdoc:518144
[   33812ms] [LOG] context {animate: false, agents: Array(0), controls: true, debug: true, environment: Object} @ about:srcdoc:2433177
[   34153ms] [LOG] context {animate: false, agents: Array(0), controls: true, debug: true, environment: Object} @ about:srcdoc:518144
[   34155ms] [LOG] context {animate: false, agents: Array(0), controls: true, debug: true, environment: Object} @ about:srcdoc:2433177
[   34494ms] [LOG] context {animate: false, agents: Array(0), controls: true, debug: true, environment: Object} @ about:srcdoc:518144
[   34495ms] [LOG] context {animate: false, agents: Array(0), controls: true, debug: true, environment: Object} @ about:srcdoc:2433177
[   34836ms] [LOG] context {animate: false, agents: Array(0), controls: true, debug: true, environment: Object} @ about:srcdoc:518144
[   34836ms] [LOG] context {animate: false, agents: Array(0), controls: true, debug: true, environment: Object} @ about:srcdoc:2433177
[   35179ms] [LOG] context {animate: false, agents: Array(0), controls: true, debug: true, environment: Object} @ about:srcdoc:518144
[   35180ms] [LOG] context {animate: false, agents: Array(0), controls: true, debug: true, environment: Object} @ about:srcdoc:2433177
[   35521ms] [LOG] context {animate: false, agents: Array(0), controls: true, debug: true, environment: Object} @ about:srcdoc:518144
[   35523ms] [LOG] context {animate: false, agents: Array(0), controls: true, debug: true, environment: Object} @ about:srcdoc:2433177
[   35864ms] [LOG] context {animate: false, agents: Array(0), controls: true, debug: true, environment: Object} @ about:srcdoc:518144
[   35865ms] [LOG] context {animate: false, agents: Array(0), controls: true, debug: true, environment: Object} @ about:srcdoc:2433177
[   36208ms] [LOG] context {animate: false, agents: Array(0), controls: true, debug: true, environment: Object} @ about:srcdoc:518144
[   36209ms] [LOG] context {animate: false, agents: Array(0), controls: true, debug: true, environment: Object} @ about:srcdoc:2433177
[   36548ms] [LOG] context {animate: false, agents: Array(0), controls: true, debug: true, environment: Object} @ about:srcdoc:518144
[   36549ms] [LOG] context {animate: false, agents: Array(0), controls: true, debug: true, environment: Object} @ about:srcdoc:2433177
[   36889ms] [LOG] context {animate: false, agents: Array(0), controls: true, debug: true, environment: Object} @ about:srcdoc:518144
[   36890ms] [LOG] context {animate: false, agents: Array(0), controls: true, debug: true, environment: Object} @ about:srcdoc:2433177
[   37234ms] [LOG] context {animate: false, agents: Array(0), controls: true, debug: true, environment: Object} @ about:srcdoc:518144
[   37237ms] [LOG] context {animate: false, agents: Array(0), controls: true, debug: true, environment: Object} @ about:srcdoc:2433177
[   37578ms] [LOG] context {animate: false, agents: Array(0), controls: true, debug: true, environment: Object} @ about:srcdoc:518144
[   37579ms] [LOG] context {animate: false, agents: Array(0), controls: true, debug: true, environment: Object} @ about:srcdoc:2433177
[   37920ms] [LOG] context {animate: false, agents: Array(0), controls: true, debug: true, environment: Object} @ about:srcdoc:518144
[   37921ms] [LOG] context {animate: false, agents: Array(0), controls: true, debug: true, environment: Object} @ about:srcdoc:2433177
[   38258ms] [LOG] context {animate: false, agents: Array(0), controls: true, debug: true, environment: Object} @ about:srcdoc:518144
[   38259ms] [LOG] context {animate: false, agents: Array(0), controls: true, debug: true, environment: Object} @ about:srcdoc:2433177
