[     462ms] [LOG]  _                       _       
| |    Welcome to       | |      
| | __ ___   __ _  __ _ | | ___  
| |/ /|__ \ / _` |/ _` || |/ _ \ 
|   < / _  | (_| | (_| || |  __/ 
|_|\_\\__,_|\__, |\__, ||_|\___| 
             __/ | __/ |         
            |___/ |___/          
 @ https://www.kaggle.com/static/assets/app.js?v=071b8c6cbb828b64:0
[     624ms] [WARNING] No `HydrateFallback` element provided to render during initial hydration @ https://www.kaggle.com/static/assets/vendor.js?v=f36df333f5148fa7:255
[    1656ms] [ERROR] Failed to load resource: the server responded with a status of 403 () @ https://www.kaggle.com/api/i/kernels.KernelsService/GetDefaultSessionSettings:0
[    1772ms] t: Permission 'kernels.update' was denied
    at v (https://www.kaggle.com/static/assets/app.js?v=071b8c6cbb828b64:1:1737125)
    at https://www.kaggle.com/static/assets/app.js?v=071b8c6cbb828b64:1:2546436
    at c (https://www.kaggle.com/static/assets/app.js?v=071b8c6cbb828b64:1:2545255)
    at Object.<anonymous> (https://www.kaggle.com/static/assets/app.js?v=071b8c6cbb828b64:1:2544542)
    at w (https://www.kaggle.com/static/assets/app.js?v=071b8c6cbb828b64:1:2543065)
    at i (https://www.kaggle.com/static/assets/app.js?v=071b8c6cbb828b64:1:2543262)
[    1836ms] [ERROR] Failed to load resource: the server responded with a status of 404 () @ https://www.kaggle.com/static/assets/vendor.css?v=dne:0
[    4343ms] [LOG] context {animate: false, agents: Array(0), controls: true, debug: true, environment: Object} @ about:srcdoc:518144
[    4679ms] [LOG] context {animate: false, agents: Array(0), controls: true, debug: true, environment: Object} @ about:srcdoc:518144
[    5015ms] [LOG] context {animate: false, agents: Array(0), controls: true, debug: true, environment: Object} @ about:srcdoc:518144
[    5353ms] [LOG] context {animate: false, agents: Array(0), controls: true, debug: true, environment: Object} @ about:srcdoc:518144
[    5688ms] [LOG] context {animate: false, agents: Array(0), controls: true, debug: true, environment: Object} @ about:srcdoc:518144
[    6034ms] [LOG] context {animate: false, agents: Array(0), controls: true, debug: true, environment: Object} @ about:srcdoc:518144
[    6368ms] [LOG] context {animate: false, agents: Array(0), controls: true, debug: true, environment: Object} @ about:srcdoc:518144
[    6708ms] [LOG] context {animate: false, agents: Array(0), controls: true, debug: true, environment: Object} @ about:srcdoc:518144
[    7042ms] [LOG] context {animate: false, agents: Array(0), controls: true, debug: true, environment: Object} @ about:srcdoc:518144
[    7381ms] [LOG] context {animate: false, agents: Array(0), controls: true, debug: true, environment: Object} @ about:srcdoc:518144
[    7714ms] [LOG] context {animate: false, agents: Array(0), controls: true, debug: true, environment: Object} @ about:srcdoc:518144
[    8052ms] [LOG] context {animate: false, agents: Array(0), controls: true, debug: true, environment: Object} @ about:srcdoc:518144
[    8385ms] [LOG] context {animate: false, agents: Array(0), controls: true, debug: true, environment: Object} @ about:srcdoc:518144
[    8721ms] [LOG] context {animate: false, agents: Array(0), controls: true, debug: true, environment: Object} @ about:srcdoc:518144
[    9057ms] [LOG] context {animate: false, agents: Array(0), controls: true, debug: true, environment: Object} @ about:srcdoc:518144
[    9519ms] [LOG] context {animate: false, agents: Array(0), controls: true, debug: true, environment: Object} @ about:srcdoc:518144
[    9869ms] [LOG] context {animate: false, agents: Array(0), controls: true, debug: true, environment: Object} @ about:srcdoc:518144
[   10204ms] [LOG] context {animate: false, agents: Array(0), controls: true, debug: true, environment: Object} @ about:srcdoc:518144
[   12014ms] [LOG] context {animate: false, agents: Array(0), controls: true, debug: true, environment: Object} @ about:srcdoc:518144
[   12650ms] [LOG] context {animate: false, agents: Array(0), controls: true, debug: true, environment: Object} @ about:srcdoc:518144
[   12750ms] [LOG] context {animate: false, agents: Array(0), controls: true, debug: true, environment: Object} @ about:srcdoc:2433177
[   12983ms] [LOG] context {animate: false, agents: Array(0), controls: true, debug: true, environment: Object} @ about:srcdoc:518144
[   13084ms] [LOG] context {animate: false, agents: Array(0), controls: true, debug: true, environment: Object} @ about:srcdoc:2433177
[   13322ms] [LOG] context {animate: false, agents: Array(0), controls: true, debug: true, environment: Object} @ about:srcdoc:518144
[   13431ms] [LOG] context {animate: false, agents: Array(0), controls: true, debug: true, environment: Object} @ about:srcdoc:2433177
[   13664ms] [LOG] context {animate: false, agents: Array(0), controls: true, debug: true, environment: Object} @ about:srcdoc:518144
[   13772ms] [LOG] context {animate: false, agents: Array(0), controls: true, debug: true, environment: Object} @ about:srcdoc:2433177
[   14004ms] [LOG] context {animate: false, agents: Array(0), controls: true, debug: true, environment: Object} @ about:srcdoc:518144
[   14106ms] [LOG] context {animate: false, agents: Array(0), controls: true, debug: true, environment: Object} @ about:srcdoc:2433177
[   14347ms] [LOG] context {animate: false, agents: Array(0), controls: true, debug: true, environment: Object} @ about:srcdoc:518144
[   14441ms] [LOG] context {animate: false, agents: Array(0), controls: true, debug: true, environment: Object} @ about:srcdoc:2433177
[   14687ms] [LOG] context {animate: false, agents: Array(0), controls: true, debug: true, environment: Object} @ about:srcdoc:518144
[   14781ms] [LOG] context {animate: false, agents: Array(0), controls: true, debug: true, environment: Object} @ about:srcdoc:2433177
[   15030ms] [LOG] context {animate: false, agents: Array(0), controls: true, debug: true, environment: Object} @ about:srcdoc:518144
[   15123ms] [LOG] context {animate: false, agents: Array(0), controls: true, debug: true, environment: Object} @ about:srcdoc:2433177
[   15370ms] [LOG] context {animate: false, agents: Array(0), controls: true, debug: true, environment: Object} @ about:srcdoc:518144
[   15457ms] [LOG] context {animate: false, agents: Array(0), controls: true, debug: true, environment: Object} @ about:srcdoc:2433177
[   15707ms] [LOG] context {animate: false, agents: Array(0), controls: true, debug: true, environment: Object} @ about:srcdoc:518144
[   15800ms] [LOG] context {animate: false, agents: Array(0), controls: true, debug: true, environment: Object} @ about:srcdoc:2433177
[   16049ms] [LOG] context {animate: false, agents: Array(0), controls: true, debug: true, environment: Object} @ about:srcdoc:518144
[   16135ms] [LOG] context {animate: false, agents: Array(0), controls: true, debug: true, environment: Object} @ about:srcdoc:2433177
[   16382ms] [LOG] context {animate: false, agents: Array(0), controls: true, debug: true, environment: Object} @ about:srcdoc:518144
[   16482ms] [LOG] context {animate: false, agents: Array(0), controls: true, debug: true, environment: Object} @ about:srcdoc:2433177
[   16717ms] [LOG] context {animate: false, agents: Array(0), controls: true, debug: true, environment: Object} @ about:srcdoc:518144
[   16825ms] [LOG] context {animate: false, agents: Array(0), controls: true, debug: true, environment: Object} @ about:srcdoc:2433177
[   17059ms] [LOG] context {animate: false, agents: Array(0), controls: true, debug: true, environment: Object} @ about:srcdoc:518144
[   17167ms] [LOG] context {animate: false, agents: Array(0), controls: true, debug: true, environment: Object} @ about:srcdoc:2433177
[   17400ms] [LOG] context {animate: false, agents: Array(0), controls: true, debug: true, environment: Object} @ about:srcdoc:518144
[   17508ms] [LOG] context {animate: false, agents: Array(0), controls: true, debug: true, environment: Object} @ about:srcdoc:2433177
[   17742ms] [LOG] context {animate: false, agents: Array(0), controls: true, debug: true, environment: Object} @ about:srcdoc:518144
[   17850ms] [LOG] context {animate: false, agents: Array(0), controls: true, debug: true, environment: Object} @ about:srcdoc:2433177
[   18084ms] [LOG] context {animate: false, agents: Array(0), controls: true, debug: true, environment: Object} @ about:srcdoc:518144
[   18191ms] [LOG] context {animate: false, agents: Array(0), controls: true, debug: true, environment: Object} @ about:srcdoc:2433177
[   18426ms] [LOG] context {animate: false, agents: Array(0), controls: true, debug: true, environment: Object} @ about:srcdoc:518144
[   18536ms] [LOG] context {animate: false, agents: Array(0), controls: true, debug: true, environment: Object} @ about:srcdoc:2433177
[   18769ms] [LOG] context {animate: false, agents: Array(0), controls: true, debug: true, environment: Object} @ about:srcdoc:518144
[   18878ms] [LOG] context {animate: false, agents: Array(0), controls: true, debug: true, environment: Object} @ about:srcdoc:2433177
[   19112ms] [LOG] context {animate: false, agents: Array(0), controls: true, debug: true, environment: Object} @ about:srcdoc:518144
[   19221ms] [LOG] context {animate: false, agents: Array(0), controls: true, debug: true, environment: Object} @ about:srcdoc:2433177
[   19451ms] [LOG] context {animate: false, agents: Array(0), controls: true, debug: true, environment: Object} @ about:srcdoc:518144
[   19562ms] [LOG] context {animate: false, agents: Array(0), controls: true, debug: true, environment: Object} @ about:srcdoc:2433177
[   19796ms] [LOG] context {animate: false, agents: Array(0), controls: true, debug: true, environment: Object} @ about:srcdoc:518144
[   19905ms] [LOG] context {animate: false, agents: Array(0), controls: true, debug: true, environment: Object} @ about:srcdoc:2433177
[   20139ms] [LOG] context {animate: false, agents: Array(0), controls: true, debug: true, environment: Object} @ about:srcdoc:518144
[   20246ms] [LOG] context {animate: false, agents: Array(0), controls: true, debug: true, environment: Object} @ about:srcdoc:2433177
[   20480ms] [LOG] context {animate: false, agents: Array(0), controls: true, debug: true, environment: Object} @ about:srcdoc:518144
[   20589ms] [LOG] context {animate: false, agents: Array(0), controls: true, debug: true, environment: Object} @ about:srcdoc:2433177
[   20822ms] [LOG] context {animate: false, agents: Array(0), controls: true, debug: true, environment: Object} @ about:srcdoc:518144
[   20931ms] [LOG] context {animate: false, agents: Array(0), controls: true, debug: true, environment: Object} @ about:srcdoc:2433177
[   21164ms] [LOG] context {animate: false, agents: Array(0), controls: true, debug: true, environment: Object} @ about:srcdoc:518144
[   21273ms] [LOG] context {animate: false, agents: Array(0), controls: true, debug: true, environment: Object} @ about:srcdoc:2433177
[   21505ms] [LOG] context {animate: false, agents: Array(0), controls: true, debug: true, environment: Object} @ about:srcdoc:518144
[   21614ms] [LOG] context {animate: false, agents: Array(0), controls: true, debug: true, environment: Object} @ about:srcdoc:2433177
[   21847ms] [LOG] context {animate: false, agents: Array(0), controls: true, debug: true, environment: Object} @ about:srcdoc:518144
[   21957ms] [LOG] context {animate: false, agents: Array(0), controls: true, debug: true, environment: Object} @ about:srcdoc:2433177
[   22190ms] [LOG] context {animate: false, agents: Array(0), controls: true, debug: true, environment: Object} @ about:srcdoc:518144
[   22298ms] [LOG] context {animate: false, agents: Array(0), controls: true, debug: true, environment: Object} @ about:srcdoc:2433177
[   22530ms] [LOG] context {animate: false, agents: Array(0), controls: true, debug: true, environment: Object} @ about:srcdoc:518144
[   22638ms] [LOG] context {animate: false, agents: Array(0), controls: true, debug: true, environment: Object} @ about:srcdoc:2433177
[   22870ms] [LOG] context {animate: false, agents: Array(0), controls: true, debug: true, environment: Object} @ about:srcdoc:518144
[   22978ms] [LOG] context {animate: false, agents: Array(0), controls: true, debug: true, environment: Object} @ about:srcdoc:2433177
[   23213ms] [LOG] context {animate: false, agents: Array(0), controls: true, debug: true, environment: Object} @ about:srcdoc:518144
[   23323ms] [LOG] context {animate: false, agents: Array(0), controls: true, debug: true, environment: Object} @ about:srcdoc:2433177
[   23557ms] [LOG] context {animate: false, agents: Array(0), controls: true, debug: true, environment: Object} @ about:srcdoc:518144
[   23664ms] [LOG] context {animate: false, agents: Array(0), controls: true, debug: true, environment: Object} @ about:srcdoc:2433177
[   23895ms] [LOG] context {animate: false, agents: Array(0), controls: true, debug: true, environment: Object} @ about:srcdoc:518144
[   24005ms] [LOG] context {animate: false, agents: Array(0), controls: true, debug: true, environment: Object} @ about:srcdoc:2433177
[   24237ms] [LOG] context {animate: false, agents: Array(0), controls: true, debug: true, environment: Object} @ about:srcdoc:518144
[   24346ms] [LOG] context {animate: false, agents: Array(0), controls: true, debug: true, environment: Object} @ about:srcdoc:2433177
[   24579ms] [LOG] context {animate: false, agents: Array(0), controls: true, debug: true, environment: Object} @ about:srcdoc:518144
[   24686ms] [LOG] context {animate: false, agents: Array(0), controls: true, debug: true, environment: Object} @ about:srcdoc:2433177
[   24919ms] [LOG] context {animate: false, agents: Array(0), controls: true, debug: true, environment: Object} @ about:srcdoc:518144
[   25028ms] [LOG] context {animate: false, agents: Array(0), controls: true, debug: true, environment: Object} @ about:srcdoc:2433177
[   25259ms] [LOG] context {animate: false, agents: Array(0), controls: true, debug: true, environment: Object} @ about:srcdoc:518144
[   25367ms] [LOG] context {animate: false, agents: Array(0), controls: true, debug: true, environment: Object} @ about:srcdoc:2433177
[   25602ms] [LOG] context {animate: false, agents: Array(0), controls: true, debug: true, environment: Object} @ about:srcdoc:518144
[   25710ms] [LOG] context {animate: false, agents: Array(0), controls: true, debug: true, environment: Object} @ about:srcdoc:2433177
[   25941ms] [LOG] context {animate: false, agents: Array(0), controls: true, debug: true, environment: Object} @ about:srcdoc:518144
[   26050ms] [LOG] context {animate: false, agents: Array(0), controls: true, debug: true, environment: Object} @ about:srcdoc:2433177
[   26283ms] [LOG] context {animate: false, agents: Array(0), controls: true, debug: true, environment: Object} @ about:srcdoc:518144
[   26393ms] [LOG] context {animate: false, agents: Array(0), controls: true, debug: true, environment: Object} @ about:srcdoc:2433177
[   26625ms] [LOG] context {animate: false, agents: Array(0), controls: true, debug: true, environment: Object} @ about:srcdoc:518144
[   26734ms] [LOG] context {animate: false, agents: Array(0), controls: true, debug: true, environment: Object} @ about:srcdoc:2433177
[   26967ms] [LOG] context {animate: false, agents: Array(0), controls: true, debug: true, environment: Object} @ about:srcdoc:518144
[   27076ms] [LOG] context {animate: false, agents: Array(0), controls: true, debug: true, environment: Object} @ about:srcdoc:2433177
[   27310ms] [LOG] context {animate: false, agents: Array(0), controls: true, debug: true, environment: Object} @ about:srcdoc:518144
[   27417ms] [LOG] context {animate: false, agents: Array(0), controls: true, debug: true, environment: Object} @ about:srcdoc:2433177
[   27651ms] [LOG] context {animate: false, agents: Array(0), controls: true, debug: true, environment: Object} @ about:srcdoc:518144
[   27759ms] [LOG] context {animate: false, agents: Array(0), controls: true, debug: true, environment: Object} @ about:srcdoc:2433177
[   27991ms] [LOG] context {animate: false, agents: Array(0), controls: true, debug: true, environment: Object} @ about:srcdoc:518144
[   28102ms] [LOG] context {animate: false, agents: Array(0), controls: true, debug: true, environment: Object} @ about:srcdoc:2433177
[   28335ms] [LOG] context {animate: false, agents: Array(0), controls: true, debug: true, environment: Object} @ about:srcdoc:518144
[   28444ms] [LOG] context {animate: false, agents: Array(0), controls: true, debug: true, environment: Object} @ about:srcdoc:2433177
[   28677ms] [LOG] context {animate: false, agents: Array(0), controls: true, debug: true, environment: Object} @ about:srcdoc:518144
[   28785ms] [LOG] context {animate: false, agents: Array(0), controls: true, debug: true, environment: Object} @ about:srcdoc:2433177
[   29017ms] [LOG] context {animate: false, agents: Array(0), controls: true, debug: true, environment: Object} @ about:srcdoc:518144
[   29125ms] [LOG] context {animate: false, agents: Array(0), controls: true, debug: true, environment: Object} @ about:srcdoc:2433177
[   29359ms] [LOG] context {animate: false, agents: Array(0), controls: true, debug: true, environment: Object} @ about:srcdoc:518144
[   29468ms] [LOG] context {animate: false, agents: Array(0), controls: true, debug: true, environment: Object} @ about:srcdoc:2433177
[   29702ms] [LOG] context {animate: false, agents: Array(0), controls: true, debug: true, environment: Object} @ about:srcdoc:518144
[   29809ms] [LOG] context {animate: false, agents: Array(0), controls: true, debug: true, environment: Object} @ about:srcdoc:2433177
[   30041ms] [LOG] context {animate: false, agents: Array(0), controls: true, debug: true, environment: Object} @ about:srcdoc:518144
[   30149ms] [LOG] context {animate: false, agents: Array(0), controls: true, debug: true, environment: Object} @ about:srcdoc:2433177
[   30381ms] [LOG] context {animate: false, agents: Array(0), controls: true, debug: true, environment: Object} @ about:srcdoc:518144
[   30490ms] [LOG] context {animate: false, agents: Array(0), controls: true, debug: true, environment: Object} @ about:srcdoc:2433177
[   30724ms] [LOG] context {animate: false, agents: Array(0), controls: true, debug: true, environment: Object} @ about:srcdoc:518144
[   30834ms] [LOG] context {animate: false, agents: Array(0), controls: true, debug: true, environment: Object} @ about:srcdoc:2433177
[   31065ms] [LOG] context {animate: false, agents: Array(0), controls: true, debug: true, environment: Object} @ about:srcdoc:518144
[   31173ms] [LOG] context {animate: false, agents: Array(0), controls: true, debug: true, environment: Object} @ about:srcdoc:2433177
[   31405ms] [LOG] context {animate: false, agents: Array(0), controls: true, debug: true, environment: Object} @ about:srcdoc:518144
[   31513ms] [LOG] context {animate: false, agents: Array(0), controls: true, debug: true, environment: Object} @ about:srcdoc:2433177
[   31747ms] [LOG] context {animate: false, agents: Array(0), controls: true, debug: true, environment: Object} @ about:srcdoc:518144
[   31854ms] [LOG] context {animate: false, agents: Array(0), controls: true, debug: true, environment: Object} @ about:srcdoc:2433177
[   32087ms] [LOG] context {animate: false, agents: Array(0), controls: true, debug: true, environment: Object} @ about:srcdoc:518144
[   32196ms] [LOG] context {animate: false, agents: Array(0), controls: true, debug: true, environment: Object} @ about:srcdoc:2433177
[   32431ms] [LOG] context {animate: false, agents: Array(0), controls: true, debug: true, environment: Object} @ about:srcdoc:518144
[   32539ms] [LOG] context {animate: false, agents: Array(0), controls: true, debug: true, environment: Object} @ about:srcdoc:2433177
[   32770ms] [LOG] context {animate: false, agents: Array(0), controls: true, debug: true, environment: Object} @ about:srcdoc:518144
[   32879ms] [LOG] context {animate: false, agents: Array(0), controls: true, debug: true, environment: Object} @ about:srcdoc:2433177
[   33114ms] [LOG] context {animate: false, agents: Array(0), controls: true, debug: true, environment: Object} @ about:srcdoc:518144
[   33222ms] [LOG] context {animate: false, agents: Array(0), controls: true, debug: true, environment: Object} @ about:srcdoc:2433177
[   33453ms] [LOG] context {animate: false, agents: Array(0), controls: true, debug: true, environment: Object} @ about:srcdoc:518144
[   33562ms] [LOG] context {animate: false, agents: Array(0), controls: true, debug: true, environment: Object} @ about:srcdoc:2433177
[   33795ms] [LOG] context {animate: false, agents: Array(0), controls: true, debug: true, environment: Object} @ about:srcdoc:518144
[   33904ms] [LOG] context {animate: false, agents: Array(0), controls: true, debug: true, environment: Object} @ about:srcdoc:2433177
[   34134ms] [LOG] context {animate: false, agents: Array(0), controls: true, debug: true, environment: Object} @ about:srcdoc:518144
[   34242ms] [LOG] context {animate: false, agents: Array(0), controls: true, debug: true, environment: Object} @ about:srcdoc:2433177
[   34474ms] [LOG] context {animate: false, agents: Array(0), controls: true, debug: true, environment: Object} @ about:srcdoc:518144
[   34583ms] [LOG] context {animate: false, agents: Array(0), controls: true, debug: true, environment: Object} @ about:srcdoc:2433177
[   34816ms] [LOG] context {animate: false, agents: Array(0), controls: true, debug: true, environment: Object} @ about:srcdoc:518144
[   34927ms] [LOG] context {animate: false, agents: Array(0), controls: true, debug: true, environment: Object} @ about:srcdoc:2433177
[   35160ms] [LOG] context {animate: false, agents: Array(0), controls: true, debug: true, environment: Object} @ about:srcdoc:518144
[   35268ms] [LOG] context {animate: false, agents: Array(0), controls: true, debug: true, environment: Object} @ about:srcdoc:2433177
[   35502ms] [LOG] context {animate: false, agents: Array(0), controls: true, debug: true, environment: Object} @ about:srcdoc:518144
[   35609ms] [LOG] context {animate: false, agents: Array(0), controls: true, debug: true, environment: Object} @ about:srcdoc:2433177
[   35843ms] [LOG] context {animate: false, agents: Array(0), controls: true, debug: true, environment: Object} @ about:srcdoc:518144
[   35951ms] [LOG] context {animate: false, agents: Array(0), controls: true, debug: true, environment: Object} @ about:srcdoc:2433177
[   36185ms] [LOG] context {animate: false, agents: Array(0), controls: true, debug: true, environment: Object} @ about:srcdoc:518144
[   36292ms] [LOG] context {animate: false, agents: Array(0), controls: true, debug: true, environment: Object} @ about:srcdoc:2433177
[   36524ms] [LOG] context {animate: false, agents: Array(0), controls: true, debug: true, environment: Object} @ about:srcdoc:518144
[   36633ms] [LOG] context {animate: false, agents: Array(0), controls: true, debug: true, environment: Object} @ about:srcdoc:2433177
[   36865ms] [LOG] context {animate: false, agents: Array(0), controls: true, debug: true, environment: Object} @ about:srcdoc:518144
[   36975ms] [LOG] context {animate: false, agents: Array(0), controls: true, debug: true, environment: Object} @ about:srcdoc:2433177
[   37208ms] [LOG] context {animate: false, agents: Array(0), controls: true, debug: true, environment: Object} @ about:srcdoc:518144
[   37319ms] [LOG] context {animate: false, agents: Array(0), controls: true, debug: true, environment: Object} @ about:srcdoc:2433177
[   37551ms] [LOG] context {animate: false, agents: Array(0), controls: true, debug: true, environment: Object} @ about:srcdoc:518144
[   37657ms] [LOG] context {animate: false, agents: Array(0), controls: true, debug: true, environment: Object} @ about:srcdoc:2433177
[   37893ms] [LOG] context {animate: false, agents: Array(0), controls: true, debug: true, environment: Object} @ about:srcdoc:518144
[   38003ms] [LOG] context {animate: false, agents: Array(0), controls: true, debug: true, environment: Object} @ about:srcdoc:2433177
[   38235ms] [LOG] context {animate: false, agents: Array(0), controls: true, debug: true, environment: Object} @ about:srcdoc:518144
[   38342ms] [LOG] context {animate: false, agents: Array(0), controls: true, debug: true, environment: Object} @ about:srcdoc:2433177
[   38576ms] [LOG] context {animate: false, agents: Array(0), controls: true, debug: true, environment: Object} @ about:srcdoc:518144
[   38683ms] [LOG] context {animate: false, agents: Array(0), controls: true, debug: true, environment: Object} @ about:srcdoc:2433177
[   38916ms] [LOG] context {animate: false, agents: Array(0), controls: true, debug: true, environment: Object} @ about:srcdoc:518144
[   39024ms] [LOG] context {animate: false, agents: Array(0), controls: true, debug: true, environment: Object} @ about:srcdoc:2433177
[   39258ms] [LOG] context {animate: false, agents: Array(0), controls: true, debug: true, environment: Object} @ about:srcdoc:518144
[   39368ms] [LOG] context {animate: false, agents: Array(0), controls: true, debug: true, environment: Object} @ about:srcdoc:2433177
[   39602ms] [LOG] context {animate: false, agents: Array(0), controls: true, debug: true, environment: Object} @ about:srcdoc:518144
[   39712ms] [LOG] context {animate: false, agents: Array(0), controls: true, debug: true, environment: Object} @ about:srcdoc:2433177
[   39944ms] [LOG] context {animate: false, agents: Array(0), controls: true, debug: true, environment: Object} @ about:srcdoc:518144
[   40054ms] [LOG] context {animate: false, agents: Array(0), controls: true, debug: true, environment: Object} @ about:srcdoc:2433177
[   40296ms] [LOG] context {animate: false, agents: Array(0), controls: true, debug: true, environment: Object} @ about:srcdoc:518144
[   40396ms] [LOG] context {animate: false, agents: Array(0), controls: true, debug: true, environment: Object} @ about:srcdoc:2433177
[   40645ms] [LOG] context {animate: false, agents: Array(0), controls: true, debug: true, environment: Object} @ about:srcdoc:518144
[   40738ms] [LOG] context {animate: false, agents: Array(0), controls: true, debug: true, environment: Object} @ about:srcdoc:2433177
[   40988ms] [LOG] context {animate: false, agents: Array(0), controls: true, debug: true, environment: Object} @ about:srcdoc:518144
[   41082ms] [LOG] context {animate: false, agents: Array(0), controls: true, debug: true, environment: Object} @ about:srcdoc:2433177
[   41332ms] [LOG] context {animate: false, agents: Array(0), controls: true, debug: true, environment: Object} @ about:srcdoc:518144
[   41425ms] [LOG] context {animate: false, agents: Array(0), controls: true, debug: true, environment: Object} @ about:srcdoc:2433177
[   41674ms] [LOG] context {animate: false, agents: Array(0), controls: true, debug: true, environment: Object} @ about:srcdoc:518144
[   41766ms] [LOG] context {animate: false, agents: Array(0), controls: true, debug: true, environment: Object} @ about:srcdoc:2433177
[   42014ms] [LOG] context {animate: false, agents: Array(0), controls: true, debug: true, environment: Object} @ about:srcdoc:518144
[   42107ms] [LOG] context {animate: false, agents: Array(0), controls: true, debug: true, environment: Object} @ about:srcdoc:2433177
[   42358ms] [LOG] context {animate: false, agents: Array(0), controls: true, debug: true, environment: Object} @ about:srcdoc:518144
[   42450ms] [LOG] context {animate: false, agents: Array(0), controls: true, debug: true, environment: Object} @ about:srcdoc:2433177
[   42697ms] [LOG] context {animate: false, agents: Array(0), controls: true, debug: true, environment: Object} @ about:srcdoc:518144
[   42791ms] [LOG] context {animate: false, agents: Array(0), controls: true, debug: true, environment: Object} @ about:srcdoc:2433177
[   43040ms] [LOG] context {animate: false, agents: Array(0), controls: true, debug: true, environment: Object} @ about:srcdoc:518144
[   43133ms] [LOG] context {animate: false, agents: Array(0), controls: true, debug: true, environment: Object} @ about:srcdoc:2433177
[   43380ms] [LOG] context {animate: false, agents: Array(0), controls: true, debug: true, environment: Object} @ about:srcdoc:518144
[   43475ms] [LOG] context {animate: false, agents: Array(0), controls: true, debug: true, environment: Object} @ about:srcdoc:2433177
[   43723ms] [LOG] context {animate: false, agents: Array(0), controls: true, debug: true, environment: Object} @ about:srcdoc:518144
[   43817ms] [LOG] context {animate: false, agents: Array(0), controls: true, debug: true, environment: Object} @ about:srcdoc:2433177
[   44065ms] [LOG] context {animate: false, agents: Array(0), controls: true, debug: true, environment: Object} @ about:srcdoc:518144
[   44157ms] [LOG] context {animate: false, agents: Array(0), controls: true, debug: true, environment: Object} @ about:srcdoc:2433177
[   44406ms] [LOG] context {animate: false, agents: Array(0), controls: true, debug: true, environment: Object} @ about:srcdoc:518144
[   44501ms] [LOG] context {animate: false, agents: Array(0), controls: true, debug: true, environment: Object} @ about:srcdoc:2433177
[   44749ms] [LOG] context {animate: false, agents: Array(0), controls: true, debug: true, environment: Object} @ about:srcdoc:518144
[   44843ms] [LOG] context {animate: false, agents: Array(0), controls: true, debug: true, environment: Object} @ about:srcdoc:2433177
[   45091ms] [LOG] context {animate: false, agents: Array(0), controls: true, debug: true, environment: Object} @ about:srcdoc:518144
[   45186ms] [LOG] context {animate: false, agents: Array(0), controls: true, debug: true, environment: Object} @ about:srcdoc:2433177
[   45434ms] [LOG] context {animate: false, agents: Array(0), controls: true, debug: true, environment: Object} @ about:srcdoc:518144
[   45527ms] [LOG] context {animate: false, agents: Array(0), controls: true, debug: true, environment: Object} @ about:srcdoc:2433177
[   45774ms] [LOG] context {animate: false, agents: Array(0), controls: true, debug: true, environment: Object} @ about:srcdoc:518144
[   45867ms] [LOG] context {animate: false, agents: Array(0), controls: true, debug: true, environment: Object} @ about:srcdoc:2433177
[   46115ms] [LOG] context {animate: false, agents: Array(0), controls: true, debug: true, environment: Object} @ about:srcdoc:518144
[   46208ms] [LOG] context {animate: false, agents: Array(0), controls: true, debug: true, environment: Object} @ about:srcdoc:2433177
[   46455ms] [LOG] context {animate: false, agents: Array(0), controls: true, debug: true, environment: Object} @ about:srcdoc:518144
[   46550ms] [LOG] context {animate: false, agents: Array(0), controls: true, debug: true, environment: Object} @ about:srcdoc:2433177
[   46799ms] [LOG] context {animate: false, agents: Array(0), controls: true, debug: true, environment: Object} @ about:srcdoc:518144
[   46892ms] [LOG] context {animate: false, agents: Array(0), controls: true, debug: true, environment: Object} @ about:srcdoc:2433177
[   47142ms] [LOG] context {animate: false, agents: Array(0), controls: true, debug: true, environment: Object} @ about:srcdoc:518144
[   47235ms] [LOG] context {animate: false, agents: Array(0), controls: true, debug: true, environment: Object} @ about:srcdoc:2433177
[   47483ms] [LOG] context {animate: false, agents: Array(0), controls: true, debug: true, environment: Object} @ about:srcdoc:518144
[   47574ms] [LOG] context {animate: false, agents: Array(0), controls: true, debug: true, environment: Object} @ about:srcdoc:2433177
[   47821ms] [LOG] context {animate: false, agents: Array(0), controls: true, debug: true, environment: Object} @ about:srcdoc:518144
[   47914ms] [LOG] context {animate: false, agents: Array(0), controls: true, debug: true, environment: Object} @ about:srcdoc:2433177
[   48163ms] [LOG] context {animate: false, agents: Array(0), controls: true, debug: true, environment: Object} @ about:srcdoc:518144
[   48257ms] [LOG] context {animate: false, agents: Array(0), controls: true, debug: true, environment: Object} @ about:srcdoc:2433177
[   48507ms] [LOG] context {animate: false, agents: Array(0), controls: true, debug: true, environment: Object} @ about:srcdoc:518144
[   48601ms] [LOG] context {animate: false, agents: Array(0), controls: true, debug: true, environment: Object} @ about:srcdoc:2433177
[   48845ms] [LOG] context {animate: false, agents: Array(0), controls: true, debug: true, environment: Object} @ about:srcdoc:518144
[   48940ms] [LOG] context {animate: false, agents: Array(0), controls: true, debug: true, environment: Object} @ about:srcdoc:2433177
[   49189ms] [LOG] context {animate: false, agents: Array(0), controls: true, debug: true, environment: Object} @ about:srcdoc:518144
[   49281ms] [LOG] context {animate: false, agents: Array(0), controls: true, debug: true, environment: Object} @ about:srcdoc:2433177
[   49529ms] [LOG] context {animate: false, agents: Array(0), controls: true, debug: true, environment: Object} @ about:srcdoc:518144
[   49620ms] [LOG] context {animate: false, agents: Array(0), controls: true, debug: true, environment: Object} @ about:srcdoc:2433177
[   49869ms] [LOG] context {animate: false, agents: Array(0), controls: true, debug: true, environment: Object} @ about:srcdoc:518144
[   49962ms] [LOG] context {animate: false, agents: Array(0), controls: true, debug: true, environment: Object} @ about:srcdoc:2433177
[   50210ms] [LOG] context {animate: false, agents: Array(0), controls: true, debug: true, environment: Object} @ about:srcdoc:518144
[   50303ms] [LOG] context {animate: false, agents: Array(0), controls: true, debug: true, environment: Object} @ about:srcdoc:2433177
[   50554ms] [LOG] context {animate: false, agents: Array(0), controls: true, debug: true, environment: Object} @ about:srcdoc:518144
[   50648ms] [LOG] context {animate: false, agents: Array(0), controls: true, debug: true, environment: Object} @ about:srcdoc:2433177
[   50897ms] [LOG] context {animate: false, agents: Array(0), controls: true, debug: true, environment: Object} @ about:srcdoc:518144
[   50990ms] [LOG] context {animate: false, agents: Array(0), controls: true, debug: true, environment: Object} @ about:srcdoc:2433177
[   51238ms] [LOG] context {animate: false, agents: Array(0), controls: true, debug: true, environment: Object} @ about:srcdoc:518144
[   51330ms] [LOG] context {animate: false, agents: Array(0), controls: true, debug: true, environment: Object} @ about:srcdoc:2433177
[   51583ms] [LOG] context {animate: false, agents: Array(0), controls: true, debug: true, environment: Object} @ about:srcdoc:518144
[   51676ms] [LOG] context {animate: false, agents: Array(0), controls: true, debug: true, environment: Object} @ about:srcdoc:2433177
[   51923ms] [LOG] context {animate: false, agents: Array(0), controls: true, debug: true, environment: Object} @ about:srcdoc:518144
[   52015ms] [LOG] context {animate: false, agents: Array(0), controls: true, debug: true, environment: Object} @ about:srcdoc:2433177
[   52263ms] [LOG] context {animate: false, agents: Array(0), controls: true, debug: true, environment: Object} @ about:srcdoc:518144
[   52356ms] [LOG] context {animate: false, agents: Array(0), controls: true, debug: true, environment: Object} @ about:srcdoc:2433177
[   52602ms] [LOG] context {animate: false, agents: Array(0), controls: true, debug: true, environment: Object} @ about:srcdoc:518144
[   52695ms] [LOG] context {animate: false, agents: Array(0), controls: true, debug: true, environment: Object} @ about:srcdoc:2433177
[   52943ms] [LOG] context {animate: false, agents: Array(0), controls: true, debug: true, environment: Object} @ about:srcdoc:518144
[   53036ms] [LOG] context {animate: false, agents: Array(0), controls: true, debug: true, environment: Object} @ about:srcdoc:2433177
[   53283ms] [LOG] context {animate: false, agents: Array(0), controls: true, debug: true, environment: Object} @ about:srcdoc:518144
[   53376ms] [LOG] context {animate: false, agents: Array(0), controls: true, debug: true, environment: Object} @ about:srcdoc:2433177
[   53625ms] [LOG] context {animate: false, agents: Array(0), controls: true, debug: true, environment: Object} @ about:srcdoc:518144
[   53717ms] [LOG] context {animate: false, agents: Array(0), controls: true, debug: true, environment: Object} @ about:srcdoc:2433177
[   53967ms] [LOG] context {animate: false, agents: Array(0), controls: true, debug: true, environment: Object} @ about:srcdoc:518144
[   54059ms] [LOG] context {animate: false, agents: Array(0), controls: true, debug: true, environment: Object} @ about:srcdoc:2433177
[   54308ms] [LOG] context {animate: false, agents: Array(0), controls: true, debug: true, environment: Object} @ about:srcdoc:518144
[   54401ms] [LOG] context {animate: false, agents: Array(0), controls: true, debug: true, environment: Object} @ about:srcdoc:2433177
[   54650ms] [LOG] context {animate: false, agents: Array(0), controls: true, debug: true, environment: Object} @ about:srcdoc:518144
[   54744ms] [LOG] context {animate: false, agents: Array(0), controls: true, debug: true, environment: Object} @ about:srcdoc:2433177
[   54991ms] [LOG] context {animate: false, agents: Array(0), controls: true, debug: true, environment: Object} @ about:srcdoc:518144
[   55085ms] [LOG] context {animate: false, agents: Array(0), controls: true, debug: true, environment: Object} @ about:srcdoc:2433177
[   55333ms] [LOG] context {animate: false, agents: Array(0), controls: true, debug: true, environment: Object} @ about:srcdoc:518144
[   55427ms] [LOG] context {animate: false, agents: Array(0), controls: true, debug: true, environment: Object} @ about:srcdoc:2433177
[   55673ms] [LOG] context {animate: false, agents: Array(0), controls: true, debug: true, environment: Object} @ about:srcdoc:518144
[   55767ms] [LOG] context {animate: false, agents: Array(0), controls: true, debug: true, environment: Object} @ about:srcdoc:2433177
[   56015ms] [LOG] context {animate: false, agents: Array(0), controls: true, debug: true, environment: Object} @ about:srcdoc:518144
[   56109ms] [LOG] context {animate: false, agents: Array(0), controls: true, debug: true, environment: Object} @ about:srcdoc:2433177
[   56357ms] [LOG] context {animate: false, agents: Array(0), controls: true, debug: true, environment: Object} @ about:srcdoc:518144
[   56450ms] [LOG] context {animate: false, agents: Array(0), controls: true, debug: true, environment: Object} @ about:srcdoc:2433177
[   56702ms] [LOG] context {animate: false, agents: Array(0), controls: true, debug: true, environment: Object} @ about:srcdoc:518144
[   56795ms] [LOG] context {animate: false, agents: Array(0), controls: true, debug: true, environment: Object} @ about:srcdoc:2433177
[   57043ms] [LOG] context {animate: false, agents: Array(0), controls: true, debug: true, environment: Object} @ about:srcdoc:518144
[   57135ms] [LOG] context {animate: false, agents: Array(0), controls: true, debug: true, environment: Object} @ about:srcdoc:2433177
[   57383ms] [LOG] context {animate: false, agents: Array(0), controls: true, debug: true, environment: Object} @ about:srcdoc:518144
[   57477ms] [LOG] context {animate: false, agents: Array(0), controls: true, debug: true, environment: Object} @ about:srcdoc:2433177
[   57726ms] [LOG] context {animate: false, agents: Array(0), controls: true, debug: true, environment: Object} @ about:srcdoc:518144
[   57819ms] [LOG] context {animate: false, agents: Array(0), controls: true, debug: true, environment: Object} @ about:srcdoc:2433177
[   58068ms] [LOG] context {animate: false, agents: Array(0), controls: true, debug: true, environment: Object} @ about:srcdoc:518144
[   58161ms] [LOG] context {animate: false, agents: Array(0), controls: true, debug: true, environment: Object} @ about:srcdoc:2433177
[   58409ms] [LOG] context {animate: false, agents: Array(0), controls: true, debug: true, environment: Object} @ about:srcdoc:518144
[   58501ms] [LOG] context {animate: false, agents: Array(0), controls: true, debug: true, environment: Object} @ about:srcdoc:2433177
[   58751ms] [LOG] context {animate: false, agents: Array(0), controls: true, debug: true, environment: Object} @ about:srcdoc:518144
[   58846ms] [LOG] context {animate: false, agents: Array(0), controls: true, debug: true, environment: Object} @ about:srcdoc:2433177
[   59094ms] [LOG] context {animate: false, agents: Array(0), controls: true, debug: true, environment: Object} @ about:srcdoc:518144
[   59187ms] [LOG] context {animate: false, agents: Array(0), controls: true, debug: true, environment: Object} @ about:srcdoc:2433177
[   59434ms] [LOG] context {animate: false, agents: Array(0), controls: true, debug: true, environment: Object} @ about:srcdoc:518144
[   59527ms] [LOG] context {animate: false, agents: Array(0), controls: true, debug: true, environment: Object} @ about:srcdoc:2433177
[   59775ms] [LOG] context {animate: false, agents: Array(0), controls: true, debug: true, environment: Object} @ about:srcdoc:518144
[   59869ms] [LOG] context {animate: false, agents: Array(0), controls: true, debug: true, environment: Object} @ about:srcdoc:2433177
[   60119ms] [LOG] context {animate: false, agents: Array(0), controls: true, debug: true, environment: Object} @ about:srcdoc:518144
[   60211ms] [LOG] context {animate: false, agents: Array(0), controls: true, debug: true, environment: Object} @ about:srcdoc:2433177
[   60457ms] [LOG] context {animate: false, agents: Array(0), controls: true, debug: true, environment: Object} @ about:srcdoc:518144
[   60550ms] [LOG] context {animate: false, agents: Array(0), controls: true, debug: true, environment: Object} @ about:srcdoc:2433177
[   60799ms] [LOG] context {animate: false, agents: Array(0), controls: true, debug: true, environment: Object} @ about:srcdoc:518144
[   60891ms] [LOG] context {animate: false, agents: Array(0), controls: true, debug: true, environment: Object} @ about:srcdoc:2433177
[   61137ms] [LOG] context {animate: false, agents: Array(0), controls: true, debug: true, environment: Object} @ about:srcdoc:518144
[   61230ms] [LOG] context {animate: false, agents: Array(0), controls: true, debug: true, environment: Object} @ about:srcdoc:2433177
[   61479ms] [LOG] context {animate: false, agents: Array(0), controls: true, debug: true, environment: Object} @ about:srcdoc:518144
[   61572ms] [LOG] context {animate: false, agents: Array(0), controls: true, debug: true, environment: Object} @ about:srcdoc:2433177
[   61822ms] [LOG] context {animate: false, agents: Array(0), controls: true, debug: true, environment: Object} @ about:srcdoc:518144
[   61914ms] [LOG] context {animate: false, agents: Array(0), controls: true, debug: true, environment: Object} @ about:srcdoc:2433177
[   62164ms] [LOG] context {animate: false, agents: Array(0), controls: true, debug: true, environment: Object} @ about:srcdoc:518144
[   62259ms] [LOG] context {animate: false, agents: Array(0), controls: true, debug: true, environment: Object} @ about:srcdoc:2433177
[   62506ms] [LOG] context {animate: false, agents: Array(0), controls: true, debug: true, environment: Object} @ about:srcdoc:518144
[   62600ms] [LOG] context {animate: false, agents: Array(0), controls: true, debug: true, environment: Object} @ about:srcdoc:2433177
[   62848ms] [LOG] context {animate: false, agents: Array(0), controls: true, debug: true, environment: Object} @ about:srcdoc:518144
[   62941ms] [LOG] context {animate: false, agents: Array(0), controls: true, debug: true, environment: Object} @ about:srcdoc:2433177
[   63187ms] [LOG] context {animate: false, agents: Array(0), controls: true, debug: true, environment: Object} @ about:srcdoc:518144
[   63278ms] [LOG] context {animate: false, agents: Array(0), controls: true, debug: true, environment: Object} @ about:srcdoc:2433177
[   63521ms] [LOG] context {animate: false, agents: Array(0), controls: true, debug: true, environment: Object} @ about:srcdoc:518144
[   63612ms] [LOG] context {animate: false, agents: Array(0), controls: true, debug: true, environment: Object} @ about:srcdoc:2433177
[   63868ms] [LOG] context {animate: false, agents: Array(0), controls: true, debug: true, environment: Object} @ about:srcdoc:518144
[   63947ms] [LOG] context {animate: false, agents: Array(0), controls: true, debug: true, environment: Object} @ about:srcdoc:2433177
[   64202ms] [LOG] context {animate: false, agents: Array(0), controls: true, debug: true, environment: Object} @ about:srcdoc:518144
[   64288ms] [LOG] context {animate: false, agents: Array(0), controls: true, debug: true, environment: Object} @ about:srcdoc:2433177
[   64550ms] [LOG] context {animate: false, agents: Array(0), controls: true, debug: true, environment: Object} @ about:srcdoc:518144
[   64628ms] [LOG] context {animate: false, agents: Array(0), controls: true, debug: true, environment: Object} @ about:srcdoc:2433177
[   64893ms] [LOG] context {animate: false, agents: Array(0), controls: true, debug: true, environment: Object} @ about:srcdoc:518144
[   64970ms] [LOG] context {animate: false, agents: Array(0), controls: true, debug: true, environment: Object} @ about:srcdoc:2433177
[   65236ms] [LOG] context {animate: false, agents: Array(0), controls: true, debug: true, environment: Object} @ about:srcdoc:518144
[   65313ms] [LOG] context {animate: false, agents: Array(0), controls: true, debug: true, environment: Object} @ about:srcdoc:2433177
[   65580ms] [LOG] context {animate: false, agents: Array(0), controls: true, debug: true, environment: Object} @ about:srcdoc:518144
[   65656ms] [LOG] context {animate: false, agents: Array(0), controls: true, debug: true, environment: Object} @ about:srcdoc:2433177
[   65919ms] [LOG] context {animate: false, agents: Array(0), controls: true, debug: true, environment: Object} @ about:srcdoc:518144
[   65996ms] [LOG] context {animate: false, agents: Array(0), controls: true, debug: true, environment: Object} @ about:srcdoc:2433177
[   66259ms] [LOG] context {animate: false, agents: Array(0), controls: true, debug: true, environment: Object} @ about:srcdoc:518144
[   66336ms] [LOG] context {animate: false, agents: Array(0), controls: true, debug: true, environment: Object} @ about:srcdoc:2433177
[   66600ms] [LOG] context {animate: false, agents: Array(0), controls: true, debug: true, environment: Object} @ about:srcdoc:518144
[   66679ms] [LOG] context {animate: false, agents: Array(0), controls: true, debug: true, environment: Object} @ about:srcdoc:2433177
[   66944ms] [LOG] context {animate: false, agents: Array(0), controls: true, debug: true, environment: Object} @ about:srcdoc:518144
[   67021ms] [LOG] context {animate: false, agents: Array(0), controls: true, debug: true, environment: Object} @ about:srcdoc:2433177
[   67285ms] [LOG] context {animate: false, agents: Array(0), controls: true, debug: true, environment: Object} @ about:srcdoc:518144
[   67363ms] [LOG] context {animate: false, agents: Array(0), controls: true, debug: true, environment: Object} @ about:srcdoc:2433177
[   67628ms] [LOG] context {animate: false, agents: Array(0), controls: true, debug: true, environment: Object} @ about:srcdoc:518144
[   67705ms] [LOG] context {animate: false, agents: Array(0), controls: true, debug: true, environment: Object} @ about:srcdoc:2433177
[   67970ms] [LOG] context {animate: false, agents: Array(0), controls: true, debug: true, environment: Object} @ about:srcdoc:518144
[   68048ms] [LOG] context {animate: false, agents: Array(0), controls: true, debug: true, environment: Object} @ about:srcdoc:2433177
[   68316ms] [LOG] context {animate: false, agents: Array(0), controls: true, debug: true, environment: Object} @ about:srcdoc:518144
[   68395ms] [LOG] context {animate: false, agents: Array(0), controls: true, debug: true, environment: Object} @ about:srcdoc:2433177
[   68659ms] [LOG] context {animate: false, agents: Array(0), controls: true, debug: true, environment: Object} @ about:srcdoc:518144
[   68737ms] [LOG] context {animate: false, agents: Array(0), controls: true, debug: true, environment: Object} @ about:srcdoc:2433177
[   69000ms] [LOG] context {animate: false, agents: Array(0), controls: true, debug: true, environment: Object} @ about:srcdoc:518144
[   69079ms] [LOG] context {animate: false, agents: Array(0), controls: true, debug: true, environment: Object} @ about:srcdoc:2433177
[   69344ms] [LOG] context {animate: false, agents: Array(0), controls: true, debug: true, environment: Object} @ about:srcdoc:518144
[   69420ms] [LOG] context {animate: false, agents: Array(0), controls: true, debug: true, environment: Object} @ about:srcdoc:2433177
[   69686ms] [LOG] context {animate: false, agents: Array(0), controls: true, debug: true, environment: Object} @ about:srcdoc:518144
[   69765ms] [LOG] context {animate: false, agents: Array(0), controls: true, debug: true, environment: Object} @ about:srcdoc:2433177
[   70029ms] [LOG] context {animate: false, agents: Array(0), controls: true, debug: true, environment: Object} @ about:srcdoc:518144
[   70106ms] [LOG] context {animate: false, agents: Array(0), controls: true, debug: true, environment: Object} @ about:srcdoc:2433177
[   70371ms] [LOG] context {animate: false, agents: Array(0), controls: true, debug: true, environment: Object} @ about:srcdoc:518144
[   70448ms] [LOG] context {animate: false, agents: Array(0), controls: true, debug: true, environment: Object} @ about:srcdoc:2433177
[   70710ms] [LOG] context {animate: false, agents: Array(0), controls: true, debug: true, environment: Object} @ about:srcdoc:518144
[   70788ms] [LOG] context {animate: false, agents: Array(0), controls: true, debug: true, environment: Object} @ about:srcdoc:2433177
[   71053ms] [LOG] context {animate: false, agents: Array(0), controls: true, debug: true, environment: Object} @ about:srcdoc:518144
[   71130ms] [LOG] context {animate: false, agents: Array(0), controls: true, debug: true, environment: Object} @ about:srcdoc:2433177
[   71394ms] [LOG] context {animate: false, agents: Array(0), controls: true, debug: true, environment: Object} @ about:srcdoc:518144
[   71472ms] [LOG] context {animate: false, agents: Array(0), controls: true, debug: true, environment: Object} @ about:srcdoc:2433177
[   71736ms] [LOG] context {animate: false, agents: Array(0), controls: true, debug: true, environment: Object} @ about:srcdoc:518144
[   71812ms] [LOG] context {animate: false, agents: Array(0), controls: true, debug: true, environment: Object} @ about:srcdoc:2433177
[   72075ms] [LOG] context {animate: false, agents: Array(0), controls: true, debug: true, environment: Object} @ about:srcdoc:518144
[   72152ms] [LOG] context {animate: false, agents: Array(0), controls: true, debug: true, environment: Object} @ about:srcdoc:2433177
[   72416ms] [LOG] context {animate: false, agents: Array(0), controls: true, debug: true, environment: Object} @ about:srcdoc:518144
[   72495ms] [LOG] context {animate: false, agents: Array(0), controls: true, debug: true, environment: Object} @ about:srcdoc:2433177
[   72758ms] [LOG] context {animate: false, agents: Array(0), controls: true, debug: true, environment: Object} @ about:srcdoc:518144
[   72838ms] [LOG] context {animate: false, agents: Array(0), controls: true, debug: true, environment: Object} @ about:srcdoc:2433177
[   73102ms] [LOG] context {animate: false, agents: Array(0), controls: true, debug: true, environment: Object} @ about:srcdoc:518144
[   73180ms] [LOG] context {animate: false, agents: Array(0), controls: true, debug: true, environment: Object} @ about:srcdoc:2433177
[   73446ms] [LOG] context {animate: false, agents: Array(0), controls: true, debug: true, environment: Object} @ about:srcdoc:518144
[   73524ms] [LOG] context {animate: false, agents: Array(0), controls: true, debug: true, environment: Object} @ about:srcdoc:2433177
[   73788ms] [LOG] context {animate: false, agents: Array(0), controls: true, debug: true, environment: Object} @ about:srcdoc:518144
[   73865ms] [LOG] context {animate: false, agents: Array(0), controls: true, debug: true, environment: Object} @ about:srcdoc:2433177
[   74129ms] [LOG] context {animate: false, agents: Array(0), controls: true, debug: true, environment: Object} @ about:srcdoc:518144
[   74207ms] [LOG] context {animate: false, agents: Array(0), controls: true, debug: true, environment: Object} @ about:srcdoc:2433177
[   74469ms] [LOG] context {animate: false, agents: Array(0), controls: true, debug: true, environment: Object} @ about:srcdoc:518144
[   74548ms] [LOG] context {animate: false, agents: Array(0), controls: true, debug: true, environment: Object} @ about:srcdoc:2433177
[   74813ms] [LOG] context {animate: false, agents: Array(0), controls: true, debug: true, environment: Object} @ about:srcdoc:518144
[   74890ms] [LOG] context {animate: false, agents: Array(0), controls: true, debug: true, environment: Object} @ about:srcdoc:2433177
[   75155ms] [LOG] context {animate: false, agents: Array(0), controls: true, debug: true, environment: Object} @ about:srcdoc:518144
[   75233ms] [LOG] context {animate: false, agents: Array(0), controls: true, debug: true, environment: Object} @ about:srcdoc:2433177
[   75494ms] [LOG] context {animate: false, agents: Array(0), controls: true, debug: true, environment: Object} @ about:srcdoc:518144
[   75572ms] [LOG] context {animate: false, agents: Array(0), controls: true, debug: true, environment: Object} @ about:srcdoc:2433177
[   75837ms] [LOG] context {animate: false, agents: Array(0), controls: true, debug: true, environment: Object} @ about:srcdoc:518144
[   75914ms] [LOG] context {animate: false, agents: Array(0), controls: true, debug: true, environment: Object} @ about:srcdoc:2433177
[   76177ms] [LOG] context {animate: false, agents: Array(0), controls: true, debug: true, environment: Object} @ about:srcdoc:518144
[   76254ms] [LOG] context {animate: false, agents: Array(0), controls: true, debug: true, environment: Object} @ about:srcdoc:2433177
[   76516ms] [LOG] context {animate: false, agents: Array(0), controls: true, debug: true, environment: Object} @ about:srcdoc:518144
[   76594ms] [LOG] context {animate: false, agents: Array(0), controls: true, debug: true, environment: Object} @ about:srcdoc:2433177
[   76859ms] [LOG] context {animate: false, agents: Array(0), controls: true, debug: true, environment: Object} @ about:srcdoc:518144
[   76937ms] [LOG] context {animate: false, agents: Array(0), controls: true, debug: true, environment: Object} @ about:srcdoc:2433177
[   77201ms] [LOG] context {animate: false, agents: Array(0), controls: true, debug: true, environment: Object} @ about:srcdoc:518144
[   77279ms] [LOG] context {animate: false, agents: Array(0), controls: true, debug: true, environment: Object} @ about:srcdoc:2433177
[   77543ms] [LOG] context {animate: false, agents: Array(0), controls: true, debug: true, environment: Object} @ about:srcdoc:518144
[   77620ms] [LOG] context {animate: false, agents: Array(0), controls: true, debug: true, environment: Object} @ about:srcdoc:2433177
[   77883ms] [LOG] context {animate: false, agents: Array(0), controls: true, debug: true, environment: Object} @ about:srcdoc:518144
[   77960ms] [LOG] context {animate: false, agents: Array(0), controls: true, debug: true, environment: Object} @ about:srcdoc:2433177
[   78224ms] [LOG] context {animate: false, agents: Array(0), controls: true, debug: true, environment: Object} @ about:srcdoc:518144
[   78301ms] [LOG] context {animate: false, agents: Array(0), controls: true, debug: true, environment: Object} @ about:srcdoc:2433177
[   78566ms] [LOG] context {animate: false, agents: Array(0), controls: true, debug: true, environment: Object} @ about:srcdoc:518144
[   78645ms] [LOG] context {animate: false, agents: Array(0), controls: true, debug: true, environment: Object} @ about:srcdoc:2433177
[   78909ms] [LOG] context {animate: false, agents: Array(0), controls: true, debug: true, environment: Object} @ about:srcdoc:518144
[   78987ms] [LOG] context {animate: false, agents: Array(0), controls: true, debug: true, environment: Object} @ about:srcdoc:2433177
[   79249ms] [LOG] context {animate: false, agents: Array(0), controls: true, debug: true, environment: Object} @ about:srcdoc:518144
[   79327ms] [LOG] context {animate: false, agents: Array(0), controls: true, debug: true, environment: Object} @ about:srcdoc:2433177
[   79592ms] [LOG] context {animate: false, agents: Array(0), controls: true, debug: true, environment: Object} @ about:srcdoc:518144
[   79671ms] [LOG] context {animate: false, agents: Array(0), controls: true, debug: true, environment: Object} @ about:srcdoc:2433177
[   79933ms] [LOG] context {animate: false, agents: Array(0), controls: true, debug: true, environment: Object} @ about:srcdoc:518144
[   80010ms] [LOG] context {animate: false, agents: Array(0), controls: true, debug: true, environment: Object} @ about:srcdoc:2433177
[   80274ms] [LOG] context {animate: false, agents: Array(0), controls: true, debug: true, environment: Object} @ about:srcdoc:518144
[   80353ms] [LOG] context {animate: false, agents: Array(0), controls: true, debug: true, environment: Object} @ about:srcdoc:2433177
[   80616ms] [LOG] context {animate: false, agents: Array(0), controls: true, debug: true, environment: Object} @ about:srcdoc:518144
[   80694ms] [LOG] context {animate: false, agents: Array(0), controls: true, debug: true, environment: Object} @ about:srcdoc:2433177
[   80958ms] [LOG] context {animate: false, agents: Array(0), controls: true, debug: true, environment: Object} @ about:srcdoc:518144
[   81035ms] [LOG] context {animate: false, agents: Array(0), controls: true, debug: true, environment: Object} @ about:srcdoc:2433177
[   81297ms] [LOG] context {animate: false, agents: Array(0), controls: true, debug: true, environment: Object} @ about:srcdoc:518144
[   81375ms] [LOG] context {animate: false, agents: Array(0), controls: true, debug: true, environment: Object} @ about:srcdoc:2433177
[   81639ms] [LOG] context {animate: false, agents: Array(0), controls: true, debug: true, environment: Object} @ about:srcdoc:518144
[   81717ms] [LOG] context {animate: false, agents: Array(0), controls: true, debug: true, environment: Object} @ about:srcdoc:2433177
[   81983ms] [LOG] context {animate: false, agents: Array(0), controls: true, debug: true, environment: Object} @ about:srcdoc:518144
[   82060ms] [LOG] context {animate: false, agents: Array(0), controls: true, debug: true, environment: Object} @ about:srcdoc:2433177
[   82322ms] [LOG] context {animate: false, agents: Array(0), controls: true, debug: true, environment: Object} @ about:srcdoc:518144
[   82400ms] [LOG] context {animate: false, agents: Array(0), controls: true, debug: true, environment: Object} @ about:srcdoc:2433177
[   82665ms] [LOG] context {animate: false, agents: Array(0), controls: true, debug: true, environment: Object} @ about:srcdoc:518144
[   82742ms] [LOG] context {animate: false, agents: Array(0), controls: true, debug: true, environment: Object} @ about:srcdoc:2433177
[   83006ms] [LOG] context {animate: false, agents: Array(0), controls: true, debug: true, environment: Object} @ about:srcdoc:518144
[   83084ms] [LOG] context {animate: false, agents: Array(0), controls: true, debug: true, environment: Object} @ about:srcdoc:2433177
[   83348ms] [LOG] context {animate: false, agents: Array(0), controls: true, debug: true, environment: Object} @ about:srcdoc:518144
[   83426ms] [LOG] context {animate: false, agents: Array(0), controls: true, debug: true, environment: Object} @ about:srcdoc:2433177
[   83691ms] [LOG] context {animate: false, agents: Array(0), controls: true, debug: true, environment: Object} @ about:srcdoc:518144
[   83771ms] [LOG] context {animate: false, agents: Array(0), controls: true, debug: true, environment: Object} @ about:srcdoc:2433177
[   84035ms] [LOG] context {animate: false, agents: Array(0), controls: true, debug: true, environment: Object} @ about:srcdoc:518144
[   84113ms] [LOG] context {animate: false, agents: Array(0), controls: true, debug: true, environment: Object} @ about:srcdoc:2433177
[   84375ms] [LOG] context {animate: false, agents: Array(0), controls: true, debug: true, environment: Object} @ about:srcdoc:518144
[   84454ms] [LOG] context {animate: false, agents: Array(0), controls: true, debug: true, environment: Object} @ about:srcdoc:2433177
[   84718ms] [LOG] context {animate: false, agents: Array(0), controls: true, debug: true, environment: Object} @ about:srcdoc:518144
[   84796ms] [LOG] context {animate: false, agents: Array(0), controls: true, debug: true, environment: Object} @ about:srcdoc:2433177
[   85061ms] [LOG] context {animate: false, agents: Array(0), controls: true, debug: true, environment: Object} @ about:srcdoc:518144
[   85139ms] [LOG] context {animate: false, agents: Array(0), controls: true, debug: true, environment: Object} @ about:srcdoc:2433177
[   85403ms] [LOG] context {animate: false, agents: Array(0), controls: true, debug: true, environment: Object} @ about:srcdoc:518144
[   85480ms] [LOG] context {animate: false, agents: Array(0), controls: true, debug: true, environment: Object} @ about:srcdoc:2433177
[   85742ms] [LOG] context {animate: false, agents: Array(0), controls: true, debug: true, environment: Object} @ about:srcdoc:518144
[   85820ms] [LOG] context {animate: false, agents: Array(0), controls: true, debug: true, environment: Object} @ about:srcdoc:2433177
[   86084ms] [LOG] context {animate: false, agents: Array(0), controls: true, debug: true, environment: Object} @ about:srcdoc:518144
[   86162ms] [LOG] context {animate: false, agents: Array(0), controls: true, debug: true, environment: Object} @ about:srcdoc:2433177
[   86428ms] [LOG] context {animate: false, agents: Array(0), controls: true, debug: true, environment: Object} @ about:srcdoc:518144
[   86506ms] [LOG] context {animate: false, agents: Array(0), controls: true, debug: true, environment: Object} @ about:srcdoc:2433177
[   86771ms] [LOG] context {animate: false, agents: Array(0), controls: true, debug: true, environment: Object} @ about:srcdoc:518144
[   86848ms] [LOG] context {animate: false, agents: Array(0), controls: true, debug: true, environment: Object} @ about:srcdoc:2433177
[   87112ms] [LOG] context {animate: false, agents: Array(0), controls: true, debug: true, environment: Object} @ about:srcdoc:518144
[   87190ms] [LOG] context {animate: false, agents: Array(0), controls: true, debug: true, environment: Object} @ about:srcdoc:2433177
[   87454ms] [LOG] context {animate: false, agents: Array(0), controls: true, debug: true, environment: Object} @ about:srcdoc:518144
[   87532ms] [LOG] context {animate: false, agents: Array(0), controls: true, debug: true, environment: Object} @ about:srcdoc:2433177
[   87797ms] [LOG] context {animate: false, agents: Array(0), controls: true, debug: true, environment: Object} @ about:srcdoc:518144
[   87875ms] [LOG] context {animate: false, agents: Array(0), controls: true, debug: true, environment: Object} @ about:srcdoc:2433177
[   88139ms] [LOG] context {animate: false, agents: Array(0), controls: true, debug: true, environment: Object} @ about:srcdoc:518144
[   88218ms] [LOG] context {animate: false, agents: Array(0), controls: true, debug: true, environment: Object} @ about:srcdoc:2433177
[   88480ms] [LOG] context {animate: false, agents: Array(0), controls: true, debug: true, environment: Object} @ about:srcdoc:518144
[   88557ms] [LOG] context {animate: false, agents: Array(0), controls: true, debug: true, environment: Object} @ about:srcdoc:2433177
[   88822ms] [LOG] context {animate: false, agents: Array(0), controls: true, debug: true, environment: Object} @ about:srcdoc:518144
[   88901ms] [LOG] context {animate: false, agents: Array(0), controls: true, debug: true, environment: Object} @ about:srcdoc:2433177
[   89164ms] [LOG] context {animate: false, agents: Array(0), controls: true, debug: true, environment: Object} @ about:srcdoc:518144
[   89242ms] [LOG] context {animate: false, agents: Array(0), controls: true, debug: true, environment: Object} @ about:srcdoc:2433177
[   89506ms] [LOG] context {animate: false, agents: Array(0), controls: true, debug: true, environment: Object} @ about:srcdoc:518144
[   89584ms] [LOG] context {animate: false, agents: Array(0), controls: true, debug: true, environment: Object} @ about:srcdoc:2433177
[   89847ms] [LOG] context {animate: false, agents: Array(0), controls: true, debug: true, environment: Object} @ about:srcdoc:518144
[   89924ms] [LOG] context {animate: false, agents: Array(0), controls: true, debug: true, environment: Object} @ about:srcdoc:2433177
[   90189ms] [LOG] context {animate: false, agents: Array(0), controls: true, debug: true, environment: Object} @ about:srcdoc:518144
[   90267ms] [LOG] context {animate: false, agents: Array(0), controls: true, debug: true, environment: Object} @ about:srcdoc:2433177
[   90532ms] [LOG] context {animate: false, agents: Array(0), controls: true, debug: true, environment: Object} @ about:srcdoc:518144
[   90611ms] [LOG] context {animate: false, agents: Array(0), controls: true, debug: true, environment: Object} @ about:srcdoc:2433177
[   90874ms] [LOG] context {animate: false, agents: Array(0), controls: true, debug: true, environment: Object} @ about:srcdoc:518144
[   90952ms] [LOG] context {animate: false, agents: Array(0), controls: true, debug: true, environment: Object} @ about:srcdoc:2433177
[   91216ms] [LOG] context {animate: false, agents: Array(0), controls: true, debug: true, environment: Object} @ about:srcdoc:518144
[   91295ms] [LOG] context {animate: false, agents: Array(0), controls: true, debug: true, environment: Object} @ about:srcdoc:2433177
[   91558ms] [LOG] context {animate: false, agents: Array(0), controls: true, debug: true, environment: Object} @ about:srcdoc:518144
[   91636ms] [LOG] context {animate: false, agents: Array(0), controls: true, debug: true, environment: Object} @ about:srcdoc:2433177
[   91901ms] [LOG] context {animate: false, agents: Array(0), controls: true, debug: true, environment: Object} @ about:srcdoc:518144
[   91979ms] [LOG] context {animate: false, agents: Array(0), controls: true, debug: true, environment: Object} @ about:srcdoc:2433177
[   92242ms] [LOG] context {animate: false, agents: Array(0), controls: true, debug: true, environment: Object} @ about:srcdoc:518144
[   92321ms] [LOG] context {animate: false, agents: Array(0), controls: true, debug: true, environment: Object} @ about:srcdoc:2433177
[   92582ms] [LOG] context {animate: false, agents: Array(0), controls: true, debug: true, environment: Object} @ about:srcdoc:518144
[   92660ms] [LOG] context {animate: false, agents: Array(0), controls: true, debug: true, environment: Object} @ about:srcdoc:2433177
[   92925ms] [LOG] context {animate: false, agents: Array(0), controls: true, debug: true, environment: Object} @ about:srcdoc:518144
[   93003ms] [LOG] context {animate: false, agents: Array(0), controls: true, debug: true, environment: Object} @ about:srcdoc:2433177
[   93266ms] [LOG] context {animate: false, agents: Array(0), controls: true, debug: true, environment: Object} @ about:srcdoc:518144
[   93344ms] [LOG] context {animate: false, agents: Array(0), controls: true, debug: true, environment: Object} @ about:srcdoc:2433177
[   93607ms] [LOG] context {animate: false, agents: Array(0), controls: true, debug: true, environment: Object} @ about:srcdoc:518144
[   93684ms] [LOG] context {animate: false, agents: Array(0), controls: true, debug: true, environment: Object} @ about:srcdoc:2433177
[   93946ms] [LOG] context {animate: false, agents: Array(0), controls: true, debug: true, environment: Object} @ about:srcdoc:518144
[   94024ms] [LOG] context {animate: false, agents: Array(0), controls: true, debug: true, environment: Object} @ about:srcdoc:2433177
[   94287ms] [LOG] context {animate: false, agents: Array(0), controls: true, debug: true, environment: Object} @ about:srcdoc:518144
[   94363ms] [LOG] context {animate: false, agents: Array(0), controls: true, debug: true, environment: Object} @ about:srcdoc:2433177
[   94628ms] [LOG] context {animate: false, agents: Array(0), controls: true, debug: true, environment: Object} @ about:srcdoc:518144
[   94705ms] [LOG] context {animate: false, agents: Array(0), controls: true, debug: true, environment: Object} @ about:srcdoc:2433177
[   94967ms] [LOG] context {animate: false, agents: Array(0), controls: true, debug: true, environment: Object} @ about:srcdoc:518144
[   95044ms] [LOG] context {animate: false, agents: Array(0), controls: true, debug: true, environment: Object} @ about:srcdoc:2433177
[   95308ms] [LOG] context {animate: false, agents: Array(0), controls: true, debug: true, environment: Object} @ about:srcdoc:518144
[   95386ms] [LOG] context {animate: false, agents: Array(0), controls: true, debug: true, environment: Object} @ about:srcdoc:2433177
[   95650ms] [LOG] context {animate: false, agents: Array(0), controls: true, debug: true, environment: Object} @ about:srcdoc:518144
[   95728ms] [LOG] context {animate: false, agents: Array(0), controls: true, debug: true, environment: Object} @ about:srcdoc:2433177
[   95992ms] [LOG] context {animate: false, agents: Array(0), controls: true, debug: true, environment: Object} @ about:srcdoc:518144
[   96069ms] [LOG] context {animate: false, agents: Array(0), controls: true, debug: true, environment: Object} @ about:srcdoc:2433177
[   96333ms] [LOG] context {animate: false, agents: Array(0), controls: true, debug: true, environment: Object} @ about:srcdoc:518144
[   96410ms] [LOG] context {animate: false, agents: Array(0), controls: true, debug: true, environment: Object} @ about:srcdoc:2433177
[   96675ms] [LOG] context {animate: false, agents: Array(0), controls: true, debug: true, environment: Object} @ about:srcdoc:518144
[   96752ms] [LOG] context {animate: false, agents: Array(0), controls: true, debug: true, environment: Object} @ about:srcdoc:2433177
[   97015ms] [LOG] context {animate: false, agents: Array(0), controls: true, debug: true, environment: Object} @ about:srcdoc:518144
[   97094ms] [LOG] context {animate: false, agents: Array(0), controls: true, debug: true, environment: Object} @ about:srcdoc:2433177
[   97355ms] [LOG] context {animate: false, agents: Array(0), controls: true, debug: true, environment: Object} @ about:srcdoc:518144
[   97433ms] [LOG] context {animate: false, agents: Array(0), controls: true, debug: true, environment: Object} @ about:srcdoc:2433177
[   97694ms] [LOG] context {animate: false, agents: Array(0), controls: true, debug: true, environment: Object} @ about:srcdoc:518144
[   97772ms] [LOG] context {animate: false, agents: Array(0), controls: true, debug: true, environment: Object} @ about:srcdoc:2433177
[   98036ms] [LOG] context {animate: false, agents: Array(0), controls: true, debug: true, environment: Object} @ about:srcdoc:518144
[   98114ms] [LOG] context {animate: false, agents: Array(0), controls: true, debug: true, environment: Object} @ about:srcdoc:2433177
[   98377ms] [LOG] context {animate: false, agents: Array(0), controls: true, debug: true, environment: Object} @ about:srcdoc:518144
[   98455ms] [LOG] context {animate: false, agents: Array(0), controls: true, debug: true, environment: Object} @ about:srcdoc:2433177
[   98716ms] [LOG] context {animate: false, agents: Array(0), controls: true, debug: true, environment: Object} @ about:srcdoc:518144
[   98794ms] [LOG] context {animate: false, agents: Array(0), controls: true, debug: true, environment: Object} @ about:srcdoc:2433177
[   99059ms] [LOG] context {animate: false, agents: Array(0), controls: true, debug: true, environment: Object} @ about:srcdoc:518144
[   99136ms] [LOG] context {animate: false, agents: Array(0), controls: true, debug: true, environment: Object} @ about:srcdoc:2433177
[   99400ms] [LOG] context {animate: false, agents: Array(0), controls: true, debug: true, environment: Object} @ about:srcdoc:518144
[   99477ms] [LOG] context {animate: false, agents: Array(0), controls: true, debug: true, environment: Object} @ about:srcdoc:2433177
[   99740ms] [LOG] context {animate: false, agents: Array(0), controls: true, debug: true, environment: Object} @ about:srcdoc:518144
[   99817ms] [LOG] context {animate: false, agents: Array(0), controls: true, debug: true, environment: Object} @ about:srcdoc:2433177
[  100085ms] [LOG] context {animate: false, agents: Array(0), controls: true, debug: true, environment: Object} @ about:srcdoc:518144
[  100163ms] [LOG] context {animate: false, agents: Array(0), controls: true, debug: true, environment: Object} @ about:srcdoc:2433177
[  100422ms] [LOG] context {animate: false, agents: Array(0), controls: true, debug: true, environment: Object} @ about:srcdoc:518144
[  100500ms] [LOG] context {animate: false, agents: Array(0), controls: true, debug: true, environment: Object} @ about:srcdoc:2433177
[  100765ms] [LOG] context {animate: false, agents: Array(0), controls: true, debug: true, environment: Object} @ about:srcdoc:518144
[  100842ms] [LOG] context {animate: false, agents: Array(0), controls: true, debug: true, environment: Object} @ about:srcdoc:2433177
[  101110ms] [LOG] context {animate: false, agents: Array(0), controls: true, debug: true, environment: Object} @ about:srcdoc:518144
[  101188ms] [LOG] context {animate: false, agents: Array(0), controls: true, debug: true, environment: Object} @ about:srcdoc:2433177
[  101451ms] [LOG] context {animate: false, agents: Array(0), controls: true, debug: true, environment: Object} @ about:srcdoc:518144
[  101529ms] [LOG] context {animate: false, agents: Array(0), controls: true, debug: true, environment: Object} @ about:srcdoc:2433177
[  101793ms] [LOG] context {animate: false, agents: Array(0), controls: true, debug: true, environment: Object} @ about:srcdoc:518144
[  101870ms] [LOG] context {animate: false, agents: Array(0), controls: true, debug: true, environment: Object} @ about:srcdoc:2433177
[  102133ms] [LOG] context {animate: false, agents: Array(0), controls: true, debug: true, environment: Object} @ about:srcdoc:518144
[  102210ms] [LOG] context {animate: false, agents: Array(0), controls: true, debug: true, environment: Object} @ about:srcdoc:2433177
[  102473ms] [LOG] context {animate: false, agents: Array(0), controls: true, debug: true, environment: Object} @ about:srcdoc:518144
[  102551ms] [LOG] context {animate: false, agents: Array(0), controls: true, debug: true, environment: Object} @ about:srcdoc:2433177
