[     401ms] [LOG]  _                       _       
| |    Welcome to       | |      
| | __ ___   __ _  __ _ | | ___  
| |/ /|__ \ / _` |/ _` || |/ _ \ 
|   < / _  | (_| | (_| || |  __/ 
|_|\_\\__,_|\__, |\__, ||_|\___| 
             __/ | __/ |         
            |___/ |___/          
 @ https://www.kaggle.com/static/assets/app.js?v=858ef96394231df4:0
[     467ms] [WARNING] No `HydrateFallback` element provided to render during initial hydration @ https://www.kaggle.com/static/assets/vendor.js?v=f36df333f5148fa7:255
[   52730ms] [VERBOSE] [DOM] Password field is not contained in a form: (More info: https://www.chromium.org/developers/design-documents/create-amazing-password-forms) %o @ https://accounts.google.com/v3/signin/identifier?opparams=%253F&dsh=S102136285%3A1777307538494533&client_id=280951542138-r7h1ksj23kps66ri9j7dpc1cfks39ggv.apps.googleusercontent.com&code_challenge=UaDfrVCAJwa_ElI0VW-MiOsePOCbNaoIeETdSWtV838&code_challenge_method=S256&o2v=2&redirect_uri=https%3A%2F%2Fwww.kaggle.com%2Fsignin-google&response_type=code&scope=openid+profile+email&service=lso&state=CfDJ8CS0IeAoHcJGgSEc27rBbk4BAk5ImYqMFEZy3Tv6JBQenhBlgLCBxt2lR4QFxd6AVYwExyWvkhYv5zbPIWls-421M_7Wx4vOQNhM-z449ryKMuXrG5_-ZXDAn0Xpl50mS6wWRfLTUVznl1LkCEOIUX7cJ1y8bDcwt-r2qn7gmn98mjQfrwa5FR2vIE7unvm8wNLxOKE6bo-zCQtHwGrIC9yLaETdh3BIyKfp97z_3Zro6NxRIbPqrIsq-ZbJURWKsGs16mVM97-XZZpeyNY83kUib-93emVI64mOGH-VmazQl3rP8YY9EW2v2EwsrAywEMfjJFtcgw&flowName=GeneralOAuthFlow&continue=https%3A%2F%2Faccounts.google.com%2Fsignin%2Foauth%2Fconsent%3Fauthuser%3Dunknown%26part%3DAJi8hAO2pQqYBPDQaEe0aNHgWNPlfjHemlBzrEbLwHTPq6mudB29o2CWIDluyAX2x6FlmH4rdm8XBLvyV0IQ9wI8V-zflnYTkJj03ug8oEjMw_yF2TGk-mLEFlm0Qa3u7QIwlYiDhTtILzFRe9wiY5lRFcXC1ZAlGdB6e2SVy83YJZnrbrn4tAhleI3Qw0Cq87IZgsDU6lZWwgWnQVTot75NxPy_EzR8Md2ApYiieJTLqtD5w601PiPaGqLzIiNG840BSa9Qlxr1VfOutnyZBUQSKHWyNbfVrj-z3ZlI02m5ilNktGno0O6qJG8fWAzB684G8VclIvGRrvAH4UwmmtQd9d7HMKolrtXnQVI-XK5rJD0L3wMuhGMnfNbDmxxVMtnULlkgKcRIa8FPuYySDohOiUKhP_HuMegd9721IrX3JoTp1V-J6WqMIVVCfPBuGAcfawFUyP5qbZyehgKsP4aGuCauOApmYw%26flowName%3DGeneralOAuthFlow%26as%3DS102136285%253A1777307538494533%26client_id%3D280951542138-r7h1ksj23kps66ri9j7dpc1cfks39ggv.apps.googleusercontent.com%26requestPath%3D%252Fsignin%252Foauth%252Fconsent%23&app_domain=https%3A%2F%2Fwww.kaggle.com&rart=ANgoxcdkkNPEOUlLB6hp2cpWXul1fbN2GkLSn36Jo6wdO5nVtbLIWtAvEGGNA_JNpeuXOlTAke2rhEKOt5yB8aGxhKckG7DvCs-2hswC8Z-5Jo9V4wGLF5I:0
[   52743ms] [LOG] %c%s color: red; background: yellow; font-size: 24px; AVERTISSEMENT ! @ https://www.gstatic.com/_/mss/boq-identity/_/js/k=boq-identity.AccountsSignInUi.fr.UT2CgsGvC10.es5.O/am=Kf8GAABCEUgGwP___zcAIACCaOB6FoAmEBkAAAAAAAAAALBAAAAaAQ/d=1/excm=_b,_tp,identifierview/ed=1/dg=0/wt=2/ujg=1/rs=AOaEmlEB0r-KdDM_rg3m9KBhPSvnNz_IQQ/dti=1/m=_b,_tp:468
[   52743ms] [LOG] %c%s font-size: 18px; En utilisant cette console, vous vous exposez au risque que des personnes malveillantes usurpent votre identité et volent vos informations grâce à une attaque appelée Self-XSS.
Ne saisissez pas et ne copiez pas du code que vous ne comprenez pas. @ https://www.gstatic.com/_/mss/boq-identity/_/js/k=boq-identity.AccountsSignInUi.fr.UT2CgsGvC10.es5.O/am=Kf8GAABCEUgGwP___zcAIACCaOB6FoAmEBkAAAAAAAAAALBAAAAaAQ/d=1/excm=_b,_tp,identifierview/ed=1/dg=0/wt=2/ujg=1/rs=AOaEmlEB0r-KdDM_rg3m9KBhPSvnNz_IQQ/dti=1/m=_b,_tp:468
[   60687ms] [VERBOSE] [DOM] Password field is not contained in a form: (More info: https://www.chromium.org/developers/design-documents/create-amazing-password-forms) %o @ https://accounts.google.com/v3/signin/challenge/pwd?TL=APouJz6VQBzgKfgvL8UkvmluAK_lUQOv29kKiEh2toCvA5-jH1jsBZgOwplCTWYI&app_domain=https%3A%2F%2Fwww.kaggle.com&checkConnection=youtube%3A490&checkedDomains=youtube&cid=3&client_id=280951542138-r7h1ksj23kps66ri9j7dpc1cfks39ggv.apps.googleusercontent.com&code_challenge=UaDfrVCAJwa_ElI0VW-MiOsePOCbNaoIeETdSWtV838&code_challenge_method=S256&continue=https%3A%2F%2Faccounts.google.com%2Fsignin%2Foauth%2Fconsent%3Fauthuser%3Dunknown%26part%3DAJi8hAO2pQqYBPDQaEe0aNHgWNPlfjHemlBzrEbLwHTPq6mudB29o2CWIDluyAX2x6FlmH4rdm8XBLvyV0IQ9wI8V-zflnYTkJj03ug8oEjMw_yF2TGk-mLEFlm0Qa3u7QIwlYiDhTtILzFRe9wiY5lRFcXC1ZAlGdB6e2SVy83YJZnrbrn4tAhleI3Qw0Cq87IZgsDU6lZWwgWnQVTot75NxPy_EzR8Md2ApYiieJTLqtD5w601PiPaGqLzIiNG840BSa9Qlxr1VfOutnyZBUQSKHWyNbfVrj-z3ZlI02m5ilNktGno0O6qJG8fWAzB684G8VclIvGRrvAH4UwmmtQd9d7HMKolrtXnQVI-XK5rJD0L3wMuhGMnfNbDmxxVMtnULlkgKcRIa8FPuYySDohOiUKhP_HuMegd9721IrX3JoTp1V-J6WqMIVVCfPBuGAcfawFUyP5qbZyehgKsP4aGuCauOApmYw%26flowName%3DGeneralOAuthFlow%26as%3DS102136285%253A1777307538494533%26client_id%3D280951542138-r7h1ksj23kps66ri9j7dpc1cfks39ggv.apps.googleusercontent.com%26requestPath%3D%252Fsignin%252Foauth%252Fconsent%23&dsh=S102136285%3A1777307538494533&flowName=GeneralOAuthFlow&o2v=2&opparams=%253F&pstMsg=1&rart=ANgoxcdkkNPEOUlLB6hp2cpWXul1fbN2GkLSn36Jo6wdO5nVtbLIWtAvEGGNA_JNpeuXOlTAke2rhEKOt5yB8aGxhKckG7DvCs-2hswC8Z-5Jo9V4wGLF5I&redirect_uri=https%3A%2F%2Fwww.kaggle.com%2Fsignin-google&response_type=code&scope=openid%20profile%20email&service=lso&state=CfDJ8CS0IeAoHcJGgSEc27rBbk4BAk5ImYqMFEZy3Tv6JBQenhBlgLCBxt2lR4QFxd6AVYwExyWvkhYv5zbPIWls-421M_7Wx4vOQNhM-z449ryKMuXrG5_-ZXDAn0Xpl50mS6wWRfLTUVznl1LkCEOIUX7cJ1y8bDcwt-r2qn7gmn98mjQfrwa5FR2vIE7unvm8wNLxOKE6bo-zCQtHwGrIC9yLaETdh3BIyKfp97z_3Zro6NxRIbPqrIsq-ZbJURWKsGs16mVM97-XZZpeyNY83kUib-93emVI64mOGH-VmazQl3rP8YY9EW2v2EwsrAywEMfjJFtcgw:0
[   88606ms] [LOG] %c%s color: red; background: yellow; font-size: 24px; AVERTISSEMENT ! @ https://www.gstatic.com/_/mss/boq-identity/_/js/k=boq-identity.AccountsSpeedbumpChangePasswordUi.fr.DDt1bjqGRMo.es5.O/am=z38AAIAADID__zcQRIP1DEAJBAAAAAAAAACAIQAAAg/d=1/excm=_b,_tp,changepasswordnudgeview/ed=1/dg=0/wt=2/ujg=1/rs=AOaEmlFmtMYwbAmuz99hS_oS0KnFXgb-TA/dti=1/m=_b,_tp:426
[   88606ms] [LOG] %c%s font-size: 18px; En utilisant cette console, vous vous exposez au risque que des personnes malveillantes usurpent votre identité et volent vos informations grâce à une attaque appelée Self-XSS.
Ne saisissez pas et ne copiez pas du code que vous ne comprenez pas. @ https://www.gstatic.com/_/mss/boq-identity/_/js/k=boq-identity.AccountsSpeedbumpChangePasswordUi.fr.DDt1bjqGRMo.es5.O/am=z38AAIAADID__zcQRIP1DEAJBAAAAAAAAACAIQAAAg/d=1/excm=_b,_tp,changepasswordnudgeview/ed=1/dg=0/wt=2/ujg=1/rs=AOaEmlFmtMYwbAmuz99hS_oS0KnFXgb-TA/dti=1/m=_b,_tp:426
[   91736ms] [LOG]  _                       _       
| |    Welcome to       | |      
| | __ ___   __ _  __ _ | | ___  
| |/ /|__ \ / _` |/ _` || |/ _ \ 
|   < / _  | (_| | (_| || |  __/ 
|_|\_\\__,_|\__, |\__, ||_|\___| 
             __/ | __/ |         
            |___/ |___/          
 @ https://www.kaggle.com/static/assets/app.js?v=858ef96394231df4:0
[   91892ms] [WARNING] No `HydrateFallback` element provided to render during initial hydration @ https://www.kaggle.com/static/assets/vendor.js?v=f36df333f5148fa7:255
