[     735ms] [LOG]  _                       _       
| |    Welcome to       | |      
| | __ ___   __ _  __ _ | | ___  
| |/ /|__ \ / _` |/ _` || |/ _ \ 
|   < / _  | (_| | (_| || |  __/ 
|_|\_\\__,_|\__, |\__, ||_|\___| 
             __/ | __/ |         
            |___/ |___/          
 @ https://www.kaggle.com/static/assets/app.js?v=167dfa33996b17bf:0
[     934ms] [WARNING] No `HydrateFallback` element provided to render during initial hydration @ https://www.kaggle.com/static/assets/vendor.js?v=f36df333f5148fa7:255
[    1845ms] [ERROR] Failed to load resource: the server responded with a status of 403 () @ https://www.kaggle.com/api/i/competitions.PageService/GetPage:0
[    7508ms] [VERBOSE] [DOM] Password field is not contained in a form: (More info: https://goo.gl/9p2vKq) %o @ https://accounts.google.com/v3/signin/identifier?opparams=%253F&dsh=S1293351478%3A1777291804460557&client_id=280951542138-r7h1ksj23kps66ri9j7dpc1cfks39ggv.apps.googleusercontent.com&code_challenge=1kbwYb8m9-HurF83YdryN3XxKT4rMYxk1n2UmFK7w1M&code_challenge_method=S256&o2v=2&redirect_uri=https%3A%2F%2Fwww.kaggle.com%2Fsignin-google&response_type=code&scope=openid+profile+email&service=lso&state=CfDJ8CS0IeAoHcJGgSEc27rBbk4sNXZeU8TZyPUK_6D8v3z0_I7No8x3R7SVUhnzCsv7KzS_IeUt7JsW596eWNldwSc75GF78Z80fTR4uF7gnZe0LNeWKJ4SjMFe1KywLCnV7uatN0g2UhG2hP4-DucNdzXycm_7bwyqqvKhZY6GknYVSRvJCUqCbXjAADljPw9VteZKT6fsE2E_vER-a9sbP9fMqonRwoKjyKLowdnz14kAejPBwMVa1JEF5RYMabGAfBO2EQDIQjTTbe3YwciWehmA6TWNTHnhhs52-EWMJtp802DzfRVRZAvrsLqEr0ceR-bftvP__jce30HnUxedFX9CH0N0lU0rQgskSJi-CTP6fzhGFUSxX3fWqB2aMJQlVjqfepdU1Uk&flowName=GeneralOAuthFlow&continue=https%3A%2F%2Faccounts.google.com%2Fsignin%2Foauth%2Fconsent%3Fauthuser%3Dunknown%26part%3DAJi8hAOn5ZXSws2WZjZADvLggedydfqckhjnTGXVYc4jbfZhl8P6VXSrzYSJlzFOouxMMloZmtDQHmBcazA7Z87ErpN--_Kgq4vHfrYvIUI0Z36D4Ytlwk_0jI1fS_gVym30gwQw3B7UBgQOjFXsvNl-7u-tuTdlJrSr3SCbqKciYlZhqdxc7aKrmikHngI2PdikO0BYbZ6wVotms0BSJxbaITjJULDcP-a0fMJRlQLZTB9H1v5W0iETDGWTtpmsod4dZEogyGIb0t3ZzQCXIh00PqlD4QK40-A8BR0iAPe-fmDczByK0o-efB6JbXuiLvWdkvyXw1p9JZepPVZipYttn4TgeaKpNkKXI3eGHnk8CTiMzDio8wXT6awUGAQTVEdjnaYVL9vBbk6Ko6ztKwh9dVzZ8SU4LlekCGjFOz9EK-9K8kepnaFe36PC9St9BNvYbILbEzchW9BDqbyBQjyTraKJKEuHHw%26flowName%3DGeneralOAuthFlow%26as%3DS1293351478%253A1777291804460557%26client_id%3D280951542138-r7h1ksj23kps66ri9j7dpc1cfks39ggv.apps.googleusercontent.com%26requestPath%3D%252Fsignin%252Foauth%252Fconsent%23&app_domain=https%3A%2F%2Fwww.kaggle.com&rart=ANgoxcfuwBO-YMAwPmoVHsGmgvgFmpkHePrUjI9j8JfZSczKvVuKtX_6FANFMKhbJb01J_goB0fXst9Cja8tFZIMbj_BNSokpG60WAW19Bb7gNZW6PVRrlY:0
[    7525ms] [LOG] %c%s color: red; background: yellow; font-size: 24px; WARNING! @ https://www.gstatic.com/_/mss/boq-identity/_/js/k=boq-identity.AccountsSignInUi.en_US.8tJAv8mZf9w.es5.O/am=Kf8GAABCEUgGwP___zcAIACCaOB6FoAmEBkAAAAAAAAAALBCAAAaAQ/d=1/excm=_b,_tp,identifierview/ed=1/dg=0/wt=2/ujg=1/rs=AOaEmlFWL3WyKsIrFVf0YeRriayoTukHQQ/dti=1/m=_b,_tp:468
[    7525ms] [LOG] %c%s font-size: 18px; Using this console may allow attackers to impersonate you and steal your information using an attack called Self-XSS.
Do not enter or paste code that you do not understand. @ https://www.gstatic.com/_/mss/boq-identity/_/js/k=boq-identity.AccountsSignInUi.en_US.8tJAv8mZf9w.es5.O/am=Kf8GAABCEUgGwP___zcAIACCaOB6FoAmEBkAAAAAAAAAALBCAAAaAQ/d=1/excm=_b,_tp,identifierview/ed=1/dg=0/wt=2/ujg=1/rs=AOaEmlFWL3WyKsIrFVf0YeRriayoTukHQQ/dti=1/m=_b,_tp:468
[   15867ms] [VERBOSE] [DOM] Password field is not contained in a form: (More info: https://goo.gl/9p2vKq) %o @ https://accounts.google.com/v3/signin/challenge/pwd?TL=APouJz7UaZ4L1glBlVQoG63MBd0WkK86UJMNNPaCYTtCp-jqXFoeUPsML7hwIR-7&app_domain=https%3A%2F%2Fwww.kaggle.com&checkConnection=youtube%3A95&checkedDomains=youtube&cid=3&client_id=280951542138-r7h1ksj23kps66ri9j7dpc1cfks39ggv.apps.googleusercontent.com&code_challenge=1kbwYb8m9-HurF83YdryN3XxKT4rMYxk1n2UmFK7w1M&code_challenge_method=S256&continue=https%3A%2F%2Faccounts.google.com%2Fsignin%2Foauth%2Fconsent%3Fauthuser%3Dunknown%26part%3DAJi8hAOn5ZXSws2WZjZADvLggedydfqckhjnTGXVYc4jbfZhl8P6VXSrzYSJlzFOouxMMloZmtDQHmBcazA7Z87ErpN--_Kgq4vHfrYvIUI0Z36D4Ytlwk_0jI1fS_gVym30gwQw3B7UBgQOjFXsvNl-7u-tuTdlJrSr3SCbqKciYlZhqdxc7aKrmikHngI2PdikO0BYbZ6wVotms0BSJxbaITjJULDcP-a0fMJRlQLZTB9H1v5W0iETDGWTtpmsod4dZEogyGIb0t3ZzQCXIh00PqlD4QK40-A8BR0iAPe-fmDczByK0o-efB6JbXuiLvWdkvyXw1p9JZepPVZipYttn4TgeaKpNkKXI3eGHnk8CTiMzDio8wXT6awUGAQTVEdjnaYVL9vBbk6Ko6ztKwh9dVzZ8SU4LlekCGjFOz9EK-9K8kepnaFe36PC9St9BNvYbILbEzchW9BDqbyBQjyTraKJKEuHHw%26flowName%3DGeneralOAuthFlow%26as%3DS1293351478%253A1777291804460557%26client_id%3D280951542138-r7h1ksj23kps66ri9j7dpc1cfks39ggv.apps.googleusercontent.com%26requestPath%3D%252Fsignin%252Foauth%252Fconsent%23&dsh=S1293351478%3A1777291804460557&flowName=GeneralOAuthFlow&o2v=2&opparams=%253F&pstMsg=1&rart=ANgoxcfuwBO-YMAwPmoVHsGmgvgFmpkHePrUjI9j8JfZSczKvVuKtX_6FANFMKhbJb01J_goB0fXst9Cja8tFZIMbj_BNSokpG60WAW19Bb7gNZW6PVRrlY&redirect_uri=https%3A%2F%2Fwww.kaggle.com%2Fsignin-google&response_type=code&scope=openid%20profile%20email&service=lso&state=CfDJ8CS0IeAoHcJGgSEc27rBbk4sNXZeU8TZyPUK_6D8v3z0_I7No8x3R7SVUhnzCsv7KzS_IeUt7JsW596eWNldwSc75GF78Z80fTR4uF7gnZe0LNeWKJ4SjMFe1KywLCnV7uatN0g2UhG2hP4-DucNdzXycm_7bwyqqvKhZY6GknYVSRvJCUqCbXjAADljPw9VteZKT6fsE2E_vER-a9sbP9fMqonRwoKjyKLowdnz14kAejPBwMVa1JEF5RYMabGAfBO2EQDIQjTTbe3YwciWehmA6TWNTHnhhs52-EWMJtp802DzfRVRZAvrsLqEr0ceR-bftvP__jce30HnUxedFX9CH0N0lU0rQgskSJi-CTP6fzhGFUSxX3fWqB2aMJQlVjqfepdU1Uk:0
[   64706ms] [LOG] %c%s color: red; background: yellow; font-size: 24px; WARNING! @ https://www.gstatic.com/_/mss/boq-identity/_/js/k=boq-identity.AccountsSpeedbumpChangePasswordUi.en_US.MoePhiWkAOg.es5.O/am=z38AAIAADID__zcQRIP1DEAJBAAAAAAAAACAIQAAAg/d=1/excm=_b,_tp,changepasswordnudgeview/ed=1/dg=0/wt=2/ujg=1/rs=AOaEmlEhGjMBif_f31Z6qq8zhTeLwDYYng/dti=1/m=_b,_tp:426
[   64706ms] [LOG] %c%s font-size: 18px; Using this console may allow attackers to impersonate you and steal your information using an attack called Self-XSS.
Do not enter or paste code that you do not understand. @ https://www.gstatic.com/_/mss/boq-identity/_/js/k=boq-identity.AccountsSpeedbumpChangePasswordUi.en_US.MoePhiWkAOg.es5.O/am=z38AAIAADID__zcQRIP1DEAJBAAAAAAAAACAIQAAAg/d=1/excm=_b,_tp,changepasswordnudgeview/ed=1/dg=0/wt=2/ujg=1/rs=AOaEmlEhGjMBif_f31Z6qq8zhTeLwDYYng/dti=1/m=_b,_tp:426
[   68349ms] [LOG]  _                       _       
| |    Welcome to       | |      
| | __ ___   __ _  __ _ | | ___  
| |/ /|__ \ / _` |/ _` || |/ _ \ 
|   < / _  | (_| | (_| || |  __/ 
|_|\_\\__,_|\__, |\__, ||_|\___| 
             __/ | __/ |         
            |___/ |___/          
 @ https://www.kaggle.com/static/assets/app.js?v=167dfa33996b17bf:0
[   68541ms] [WARNING] No `HydrateFallback` element provided to render during initial hydration @ https://www.kaggle.com/static/assets/vendor.js?v=f36df333f5148fa7:255
[   69170ms] [ERROR] Failed to load resource: the server responded with a status of 403 () @ https://www.kaggle.com/api/i/competitions.PageService/GetPage:0
